[34m[1m[22m[39m
[34m[1mportless[22m[39m
[34m[1m[22m[39m
[90m-- opendetail.localhost (auto-resolves to 127.0.0.1)[39m
[90m-- Proxy is running[39m
[32m-- Using port 4314[39m
[36m[1m[22m[39m
[36m[1m  -> http://opendetail.localhost:1355[22m[39m
[36m[1m[22m[39m
[90mRunning: PORT=4314 HOST=127.0.0.1 PORTLESS_URL=http://opendetail.localhost:1355 next dev[39m
[90m[39m
[1m[38;2;173;127;168m▲ Next.js 16.2.2[39m[22m (Turbopack)
- Local:         http://localhost:4314
- Network:       http://192.168.1.186:4314
- Environments: .env
[32m[1m✓[22m[39m Ready in 262ms

 GET /test [32m200[39m in 336ms[2m (next.js: 95ms, application-code: 241ms)[22m
 GET / [33m404[39m in 136ms[2m (next.js: 76ms, application-code: 60ms)[22m
 GET / [33m404[39m in 30ms[2m (next.js: 4ms, application-code: 26ms)[22m
 GET / [32m200[39m in 643ms[2m (next.js: 593ms, application-code: 50ms)[22m
 GET / [32m200[39m in 48ms[2m (next.js: 27ms, application-code: 21ms)[22m
 GET / [32m200[39m in 85ms[2m (next.js: 7ms, application-code: 78ms)[22m
 GET / [32m200[39m in 19ms[2m (next.js: 6ms, application-code: 13ms)[22m
 GET / [32m200[39m in 66ms[2m (next.js: 1874µs, application-code: 64ms)[22m
 POST /api/opendetail [32m200[39m in 215ms[2m (next.js: 170ms, application-code: 45ms)[22m
 POST /api/opendetail [32m200[39m in 944ms[2m (next.js: 4ms, application-code: 940ms)[22m
[32m[1m✓[22m[39m Compiled in 379ms
[32m[1m✓[22m[39m Compiled in 227ms
 GET / [32m200[39m in 65ms[2m (next.js: 15ms, application-code: 50ms)[22m
 POST /api/opendetail [32m200[39m in 273ms[2m (next.js: 8ms, application-code: 265ms)[22m
 POST /api/opendetail [32m200[39m in 648ms[2m (next.js: 4ms, application-code: 644ms)[22m
 POST /api/opendetail [32m200[39m in 742ms[2m (next.js: 5ms, application-code: 737ms)[22m
 POST /api/opendetail [32m200[39m in 1495ms[2m (next.js: 6ms, application-code: 1489ms)[22m
 GET / [32m200[39m in 92ms[2m (next.js: 36ms, application-code: 56ms)[22m
 GET / [32m200[39m in 61ms[2m (next.js: 4ms, application-code: 57ms)[22m
[32m[1m✓[22m[39m Compiled in 25ms
 POST /api/opendetail [32m200[39m in 146ms[2m (next.js: 109ms, application-code: 38ms)[22m
[32m[1m✓[22m[39m Compiled in 15ms
[32m[1m✓[22m[39m Compiled in 358ms
 POST /api/opendetail [32m200[39m in 1474ms[2m (next.js: 1563µs, application-code: 1473ms)[22m
 GET / [32m200[39m in 29ms[2m (next.js: 5ms, application-code: 24ms)[22m
[32m[1m✓[22m[39m Compiled in 85ms
[31m[1m⨯[22m[39m ./registry/ui/assistant-input/assistant-input.tsx:9:1
[1m[31mModule not found[39m[22m: Can't resolve [32m'../assistant-status/assistant-status'[39m
  [90m 7 |[0m
  [90m 8 |[0m [36mimport[0m [36mtype[0m { [33mOpenDetailClientStatus[0m } [36mfrom[0m [32m"../../lib/opendetail-client...[0m
[31m[1m>[0m [90m 9 |[0m [36mimport[0m {
  [90m   |[0m [31m[1m^^^^^^^[0m
[31m[1m>[0m [90m10 |[0m   [33mAssistantStatus[0m,
  [90m   |[0m [31m[1m^^^^^^^^^^^^^^^^^^[0m
[31m[1m>[0m [90m11 |[0m   [36mtype[0m [33mAssistantStatusVariant[0m,
  [90m   |[0m [31m[1m^^^^^^^^^^^^^^^^^^^^^^^^^^^^^^[0m
[31m[1m>[0m [90m12 |[0m } [36mfrom[0m [32m"../assistant-status/assistant-status"[0m;
  [90m   |[0m [31m[1m^^^^^^^^^^^^^^^^^^^^^^^^^^^^^^^^^^^^^^^^^^^^^^[0m
  [90m13 |[0m
  [90m14 |[0m [36mconst[0m [33mDEFAULT_PLACEHOLDER[0m = [32m"What has Rodrigo worked on?"[0m;
  [90m15 |[0m [36mconst[0m [33mDEFAULT_NAME[0m = [32m"question"[0m;



Import traces:
  Client Component Browser:
    ./registry/ui/assistant-input/assistant-input.tsx [Client Component Browser]
    ./apps/www/src/app/page.tsx [Client Component Browser]
    ./apps/www/src/app/page.tsx [Server Component]

  Client Component SSR:
    ./registry/ui/assistant-input/assistant-input.tsx [Client Component SSR]
    ./apps/www/src/app/page.tsx [Client Component SSR]
    ./apps/www/src/app/page.tsx [Server Component]

https://nextjs.org/docs/messages/module-not-found


[31m[1m⨯[22m[39m ./registry/ui/assistant-input/assistant-input.tsx:9:1
[1m[31mModule not found[39m[22m: Can't resolve [32m'../assistant-status/assistant-status'[39m
  [90m 7 |[0m
  [90m 8 |[0m [36mimport[0m [36mtype[0m { [33mOpenDetailClientStatus[0m } [36mfrom[0m [32m"../../lib/opendetail-client...[0m
[31m[1m>[0m [90m 9 |[0m [36mimport[0m {
  [90m   |[0m [31m[1m^^^^^^^[0m
[31m[1m>[0m [90m10 |[0m   [33mAssistantStatus[0m,
  [90m   |[0m [31m[1m^^^^^^^^^^^^^^^^^^[0m
[31m[1m>[0m [90m11 |[0m   [36mtype[0m [33mAssistantStatusVariant[0m,
  [90m   |[0m [31m[1m^^^^^^^^^^^^^^^^^^^^^^^^^^^^^^[0m
[31m[1m>[0m [90m12 |[0m } [36mfrom[0m [32m"../assistant-status/assistant-status"[0m;
  [90m   |[0m [31m[1m^^^^^^^^^^^^^^^^^^^^^^^^^^^^^^^^^^^^^^^^^^^^^^[0m
  [90m13 |[0m
  [90m14 |[0m [36mconst[0m [33mDEFAULT_PLACEHOLDER[0m = [32m"What has Rodrigo worked on?"[0m;
  [90m15 |[0m [36mconst[0m [33mDEFAULT_NAME[0m = [32m"question"[0m;



Import traces:
  Client Component Browser:
    ./registry/ui/assistant-input/assistant-input.tsx [Client Component Browser]
    ./apps/www/src/app/page.tsx [Client Component Browser]
    ./apps/www/src/app/page.tsx [Server Component]

  Client Component SSR:
    ./registry/ui/assistant-input/assistant-input.tsx [Client Component SSR]
    ./apps/www/src/app/page.tsx [Client Component SSR]
    ./apps/www/src/app/page.tsx [Server Component]

https://nextjs.org/docs/messages/module-not-found


[31m[1m⨯[22m[39m ./registry/ui/assistant-input/assistant-input.tsx:9:1
[1m[31mModule not found[39m[22m: Can't resolve [32m'../assistant-status/assistant-status'[39m
  [90m 7 |[0m
  [90m 8 |[0m [36mimport[0m [36mtype[0m { [33mOpenDetailClientStatus[0m } [36mfrom[0m [32m"../../lib/opendetail-client...[0m
[31m[1m>[0m [90m 9 |[0m [36mimport[0m {
  [90m   |[0m [31m[1m^^^^^^^[0m
[31m[1m>[0m [90m10 |[0m   [33mAssistantStatus[0m,
  [90m   |[0m [31m[1m^^^^^^^^^^^^^^^^^^[0m
[31m[1m>[0m [90m11 |[0m   [36mtype[0m [33mAssistantStatusVariant[0m,
  [90m   |[0m [31m[1m^^^^^^^^^^^^^^^^^^^^^^^^^^^^^^[0m
[31m[1m>[0m [90m12 |[0m } [36mfrom[0m [32m"../assistant-status/assistant-status"[0m;
  [90m   |[0m [31m[1m^^^^^^^^^^^^^^^^^^^^^^^^^^^^^^^^^^^^^^^^^^^^^[0m
  [90m13 |[0m
  [90m14 |[0m [36mconst[0m [33mDEFAULT_PLACEHOLDER[0m = [32m"What has Rodrigo worked on?"[0m;
  [90m15 |[0m [36mconst[0m [33mDEFAULT_NAME[0m = [32m"question"[0m;



Import traces:
  Client Component Browser:
    ./registry/ui/assistant-input/assistant-input.tsx [Client Component Browser]
    ./apps/www/src/app/page.tsx [Client Component Browser]
    ./apps/www/src/app/page.tsx [Server Component]

  Client Component SSR:
    ./registry/ui/assistant-input/assistant-input.tsx [Client Component SSR]
    ./apps/www/src/app/page.tsx [Client Component SSR]
    ./apps/www/src/app/page.tsx [Server Component]

https://nextjs.org/docs/messages/module-not-found


[31m[1m⨯[22m[39m ./registry/ui/assistant-input/assistant-input.tsx:9:1
[1m[31mModule not found[39m[22m: Can't resolve [32m'../assistant-status/assistant-status'[39m
  [90m 7 |[0m
  [90m 8 |[0m [36mimport[0m [36mtype[0m { [33mOpenDetailClientStatus[0m } [36mfrom[0m [32m"../../lib/opendetail-client...[0m
[31m[1m>[0m [90m 9 |[0m [36mimport[0m {
  [90m   |[0m [31m[1m^^^^^^^[0m
[31m[1m>[0m [90m10 |[0m   [33mAssistantStatus[0m,
  [90m   |[0m [31m[1m^^^^^^^^^^^^^^^^^^[0m
[31m[1m>[0m [90m11 |[0m   [36mtype[0m [33mAssistantStatusVariant[0m,
  [90m   |[0m [31m[1m^^^^^^^^^^^^^^^^^^^^^^^^^^^^^^[0m
[31m[1m>[0m [90m12 |[0m } [36mfrom[0m [32m"../assistant-status/assistant-status"[0m;
  [90m   |[0m [31m[1m^^^^^^^^^^^^^^^^^^^^^^^^^^^^^^^^^^^^^^^^^^^^^[0m
  [90m13 |[0m
  [90m14 |[0m [36mconst[0m [33mDEFAULT_PLACEHOLDER[0m = [32m"What has Rodrigo worked on?"[0m;
  [90m15 |[0m [36mconst[0m [33mDEFAULT_NAME[0m = [32m"question"[0m;



Import traces:
  Client Component Browser:
    ./registry/ui/assistant-input/assistant-input.tsx [Client Component Browser]
    ./apps/www/src/app/page.tsx [Client Component Browser]
    ./apps/www/src/app/page.tsx [Server Component]

  Client Component SSR:
    ./registry/ui/assistant-input/assistant-input.tsx [Client Component SSR]
    ./apps/www/src/app/page.tsx [Client Component SSR]
    ./apps/www/src/app/page.tsx [Server Component]

https://nextjs.org/docs/messages/module-not-found


[31m[1m⨯[22m[39m ./registry/ui/assistant-input/assistant-input.tsx:9:1
[1m[31mModule not found[39m[22m: Can't resolve [32m'../assistant-status/assistant-status'[39m
  [90m 7 |[0m
  [90m 8 |[0m [36mimport[0m [36mtype[0m { [33mOpenDetailClientStatus[0m } [36mfrom[0m [32m"../../lib/opendetail-client...[0m
[31m[1m>[0m [90m 9 |[0m [36mimport[0m {
  [90m   |[0m [31m[1m^^^^^^^[0m
[31m[1m>[0m [90m10 |[0m   [33mAssistantStatus[0m,
  [90m   |[0m [31m[1m^^^^^^^^^^^^^^^^^^[0m
[31m[1m>[0m [90m11 |[0m   [36mtype[0m [33mAssistantStatusVariant[0m,
  [90m   |[0m [31m[1m^^^^^^^^^^^^^^^^^^^^^^^^^^^^^^[0m
[31m[1m>[0m [90m12 |[0m } [36mfrom[0m [32m"../assistant-status/assistant-status"[0m;
  [90m   |[0m [31m[1m^^^^^^^^^^^^^^^^^^^^^^^^^^^^^^^^^^^^^^^^^^^^^^[0m
  [90m13 |[0m
  [90m14 |[0m [36mconst[0m [33mDEFAULT_PLACEHOLDER[0m = [32m"What has Rodrigo worked on?"[0m;
  [90m15 |[0m [36mconst[0m [33mDEFAULT_NAME[0m = [32m"question"[0m;



Import traces:
  Client Component Browser:
    ./registry/ui/assistant-input/assistant-input.tsx [Client Component Browser]
    ./apps/www/src/app/page.tsx [Client Component Browser]
    ./apps/www/src/app/page.tsx [Server Component]

  Client Component SSR:
    ./registry/ui/assistant-input/assistant-input.tsx [Client Component SSR]
    ./apps/www/src/app/page.tsx [Client Component SSR]
    ./apps/www/src/app/page.tsx [Server Component]

https://nextjs.org/docs/messages/module-not-found


[31m[1m⨯[22m[39m ./registry/ui/assistant-input/assistant-input.tsx:9:1
[1m[31mModule not found[39m[22m: Can't resolve [32m'../assistant-status/assistant-status'[39m
  [90m 7 |[0m
  [90m 8 |[0m [36mimport[0m [36mtype[0m { [33mOpenDetailClientStatus[0m } [36mfrom[0m [32m"../../lib/opendetail-client...[0m
[31m[1m>[0m [90m 9 |[0m [36mimport[0m {
  [90m   |[0m [31m[1m^^^^^^^[0m
[31m[1m>[0m [90m10 |[0m   [33mAssistantStatus[0m,
  [90m   |[0m [31m[1m^^^^^^^^^^^^^^^^^^[0m
[31m[1m>[0m [90m11 |[0m   [36mtype[0m [33mAssistantStatusVariant[0m,
  [90m   |[0m [31m[1m^^^^^^^^^^^^^^^^^^^^^^^^^^^^^^[0m
[31m[1m>[0m [90m12 |[0m } [36mfrom[0m [32m"../assistant-status/assistant-status"[0m;
  [90m   |[0m [31m[1m^^^^^^^^^^^^^^^^^^^^^^^^^^^^^^^^^^^^^^^^^^^^^^[0m
  [90m13 |[0m
  [90m14 |[0m [36mconst[0m [33mDEFAULT_PLACEHOLDER[0m = [32m"What has Rodrigo worked on?"[0m;
  [90m15 |[0m [36mconst[0m [33mDEFAULT_NAME[0m = [32m"question"[0m;



Import traces:
  Client Component Browser:
    ./registry/ui/assistant-input/assistant-input.tsx [Client Component Browser]
    ./apps/www/src/app/page.tsx [Client Component Browser]
    ./apps/www/src/app/page.tsx [Server Component]

  Client Component SSR:
    ./registry/ui/assistant-input/assistant-input.tsx [Client Component SSR]
    ./apps/www/src/app/page.tsx [Client Component SSR]
    ./apps/www/src/app/page.tsx [Server Component]

https://nextjs.org/docs/messages/module-not-found


[31m[1m⨯[22m[39m ./registry/ui/assistant-input/assistant-input.tsx:9:1
[1m[31mModule not found[39m[22m: Can't resolve [32m'../assistant-status/assistant-status'[39m
  [90m 7 |[0m
  [90m 8 |[0m [36mimport[0m [36mtype[0m { [33mOpenDetailClientStatus[0m } [36mfrom[0m [32m"../../lib/opendetail-client...[0m
[31m[1m>[0m [90m 9 |[0m [36mimport[0m {
  [90m   |[0m [31m[1m^^^^^^^[0m
[31m[1m>[0m [90m10 |[0m   [33mAssistantStatus[0m,
  [90m   |[0m [31m[1m^^^^^^^^^^^^^^^^^^[0m
[31m[1m>[0m [90m11 |[0m   [36mtype[0m [33mAssistantStatusVariant[0m,
  [90m   |[0m [31m[1m^^^^^^^^^^^^^^^^^^^^^^^^^^^^^^[0m
[31m[1m>[0m [90m12 |[0m } [36mfrom[0m [32m"../assistant-status/assistant-status"[0m;
  [90m   |[0m [31m[1m^^^^^^^^^^^^^^^^^^^^^^^^^^^^^^^^^^^^^^^^^^^^^[0m
  [90m13 |[0m
  [90m14 |[0m [36mconst[0m [33mDEFAULT_PLACEHOLDER[0m = [32m"What has Rodrigo worked on?"[0m;
  [90m15 |[0m [36mconst[0m [33mDEFAULT_NAME[0m = [32m"question"[0m;



Import traces:
  Client Component Browser:
    ./registry/ui/assistant-input/assistant-input.tsx [Client Component Browser]
    ./apps/www/src/app/page.tsx [Client Component Browser]
    ./apps/www/src/app/page.tsx [Server Component]

  Client Component SSR:
    ./registry/ui/assistant-input/assistant-input.tsx [Client Component SSR]
    ./apps/www/src/app/page.tsx [Client Component SSR]
    ./apps/www/src/app/page.tsx [Server Component]

https://nextjs.org/docs/messages/module-not-found


[31m[1m⨯[22m[39m ./registry/ui/assistant-input/assistant-input.tsx:9:1
[1m[31mModule not found[39m[22m: Can't resolve [32m'../assistant-status/assistant-status'[39m
  [90m 7 |[0m
  [90m 8 |[0m [36mimport[0m [36mtype[0m { [33mOpenDetailClientStatus[0m } [36mfrom[0m [32m"../../lib/opendetail-client...[0m
[31m[1m>[0m [90m 9 |[0m [36mimport[0m {
  [90m   |[0m [31m[1m^^^^^^^[0m
[31m[1m>[0m [90m10 |[0m   [33mAssistantStatus[0m,
  [90m   |[0m [31m[1m^^^^^^^^^^^^^^^^^^[0m
[31m[1m>[0m [90m11 |[0m   [36mtype[0m [33mAssistantStatusVariant[0m,
  [90m   |[0m [31m[1m^^^^^^^^^^^^^^^^^^^^^^^^^^^^^^[0m
[31m[1m>[0m [90m12 |[0m } [36mfrom[0m [32m"../assistant-status/assistant-status"[0m;
  [90m   |[0m [31m[1m^^^^^^^^^^^^^^^^^^^^^^^^^^^^^^^^^^^^^^^^^^^^^[0m
  [90m13 |[0m
  [90m14 |[0m [36mconst[0m [33mDEFAULT_PLACEHOLDER[0m = [32m"What has Rodrigo worked on?"[0m;
  [90m15 |[0m [36mconst[0m [33mDEFAULT_NAME[0m = [32m"question"[0m;



Import traces:
  Client Component Browser:
    ./registry/ui/assistant-input/assistant-input.tsx [Client Component Browser]
    ./apps/www/src/app/page.tsx [Client Component Browser]
    ./apps/www/src/app/page.tsx [Server Component]

  Client Component SSR:
    ./registry/ui/assistant-input/assistant-input.tsx [Client Component SSR]
    ./apps/www/src/app/page.tsx [Client Component SSR]
    ./apps/www/src/app/page.tsx [Server Component]

https://nextjs.org/docs/messages/module-not-found


[31m[1m⨯[22m[39m ./registry/ui/assistant-input/assistant-input.tsx:9:1
[1m[31mModule not found[39m[22m: Can't resolve [32m'../assistant-status/assistant-status'[39m
  [90m 7 |[0m
  [90m 8 |[0m [36mimport[0m [36mtype[0m { [33mOpenDetailClientStatus[0m } [36mfrom[0m [32m"../../lib/opendetail-client...[0m
[31m[1m>[0m [90m 9 |[0m [36mimport[0m {
  [90m   |[0m [31m[1m^^^^^^^[0m
[31m[1m>[0m [90m10 |[0m   [33mAssistantStatus[0m,
  [90m   |[0m [31m[1m^^^^^^^^^^^^^^^^^^[0m
[31m[1m>[0m [90m11 |[0m   [36mtype[0m [33mAssistantStatusVariant[0m,
  [90m   |[0m [31m[1m^^^^^^^^^^^^^^^^^^^^^^^^^^^^^^[0m
[31m[1m>[0m [90m12 |[0m } [36mfrom[0m [32m"../assistant-status/assistant-status"[0m;
  [90m   |[0m [31m[1m^^^^^^^^^^^^^^^^^^^^^^^^^^^^^^^^^^^^^^^^^^^^^^[0m
  [90m13 |[0m
  [90m14 |[0m [36mconst[0m [33mDEFAULT_PLACEHOLDER[0m = [32m"What has Rodrigo worked on?"[0m;
  [90m15 |[0m [36mconst[0m [33mDEFAULT_NAME[0m = [32m"question"[0m;



Import traces:
  Client Component Browser:
    ./registry/ui/assistant-input/assistant-input.tsx [Client Component Browser]
    ./apps/www/src/app/page.tsx [Client Component Browser]
    ./apps/www/src/app/page.tsx [Server Component]

  Client Component SSR:
    ./registry/ui/assistant-input/assistant-input.tsx [Client Component SSR]
    ./apps/www/src/app/page.tsx [Client Component SSR]
    ./apps/www/src/app/page.tsx [Server Component]

https://nextjs.org/docs/messages/module-not-found


[31m[1m⨯[22m[39m ./registry/ui/assistant-input/assistant-input.tsx:9:1
[1m[31mModule not found[39m[22m: Can't resolve [32m'../assistant-status/assistant-status'[39m
  [90m 7 |[0m
  [90m 8 |[0m [36mimport[0m [36mtype[0m { [33mOpenDetailClientStatus[0m } [36mfrom[0m [32m"../../lib/opendetail-client...[0m
[31m[1m>[0m [90m 9 |[0m [36mimport[0m {
  [90m   |[0m [31m[1m^^^^^^^[0m
[31m[1m>[0m [90m10 |[0m   [33mAssistantStatus[0m,
  [90m   |[0m [31m[1m^^^^^^^^^^^^^^^^^^[0m
[31m[1m>[0m [90m11 |[0m   [36mtype[0m [33mAssistantStatusVariant[0m,
  [90m   |[0m [31m[1m^^^^^^^^^^^^^^^^^^^^^^^^^^^^^^[0m
[31m[1m>[0m [90m12 |[0m } [36mfrom[0m [32m"../assistant-status/assistant-status"[0m;
  [90m   |[0m [31m[1m^^^^^^^^^^^^^^^^^^^^^^^^^^^^^^^^^^^^^^^^^^^^^^[0m
  [90m13 |[0m
  [90m14 |[0m [36mconst[0m [33mDEFAULT_PLACEHOLDER[0m = [32m"What has Rodrigo worked on?"[0m;
  [90m15 |[0m [36mconst[0m [33mDEFAULT_NAME[0m = [32m"question"[0m;



Import traces:
  Client Component Browser:
    ./registry/ui/assistant-input/assistant-input.tsx [Client Component Browser]
    ./apps/www/src/app/page.tsx [Client Component Browser]
    ./apps/www/src/app/page.tsx [Server Component]

  Client Component SSR:
    ./registry/ui/assistant-input/assistant-input.tsx [Client Component SSR]
    ./apps/www/src/app/page.tsx [Client Component SSR]
    ./apps/www/src/app/page.tsx [Server Component]

https://nextjs.org/docs/messages/module-not-found


[31m[1m⨯[22m[39m ./registry/ui/assistant-input/assistant-input.tsx:9:1
[1m[31mModule not found[39m[22m: Can't resolve [32m'../assistant-status/assistant-status'[39m
  [90m 7 |[0m
  [90m 8 |[0m [36mimport[0m [36mtype[0m { [33mOpenDetailClientStatus[0m } [36mfrom[0m [32m"../../lib/opendetail-client...[0m
[31m[1m>[0m [90m 9 |[0m [36mimport[0m {
  [90m   |[0m [31m[1m^^^^^^^[0m
[31m[1m>[0m [90m10 |[0m   [33mAssistantStatus[0m,
  [90m   |[0m [31m[1m^^^^^^^^^^^^^^^^^^[0m
[31m[1m>[0m [90m11 |[0m   [36mtype[0m [33mAssistantStatusVariant[0m,
  [90m   |[0m [31m[1m^^^^^^^^^^^^^^^^^^^^^^^^^^^^^^[0m
[31m[1m>[0m [90m12 |[0m } [36mfrom[0m [32m"../assistant-status/assistant-status"[0m;
  [90m   |[0m [31m[1m^^^^^^^^^^^^^^^^^^^^^^^^^^^^^^^^^^^^^^^^^^^^^[0m
  [90m13 |[0m
  [90m14 |[0m [36mconst[0m [33mDEFAULT_PLACEHOLDER[0m = [32m"What has Rodrigo worked on?"[0m;
  [90m15 |[0m [36mconst[0m [33mDEFAULT_NAME[0m = [32m"question"[0m;



Import traces:
  Client Component Browser:
    ./registry/ui/assistant-input/assistant-input.tsx [Client Component Browser]
    ./apps/www/src/app/page.tsx [Client Component Browser]
    ./apps/www/src/app/page.tsx [Server Component]

  Client Component SSR:
    ./registry/ui/assistant-input/assistant-input.tsx [Client Component SSR]
    ./apps/www/src/app/page.tsx [Client Component SSR]
    ./apps/www/src/app/page.tsx [Server Component]

https://nextjs.org/docs/messages/module-not-found


[31m[1m⨯[22m[39m ./registry/ui/assistant-input/assistant-input.tsx:9:1
[1m[31mModule not found[39m[22m: Can't resolve [32m'../assistant-status/assistant-status'[39m
  [90m 7 |[0m
  [90m 8 |[0m [36mimport[0m [36mtype[0m { [33mOpenDetailClientStatus[0m } [36mfrom[0m [32m"../../lib/opendetail-client...[0m
[31m[1m>[0m [90m 9 |[0m [36mimport[0m {
  [90m   |[0m [31m[1m^^^^^^^[0m
[31m[1m>[0m [90m10 |[0m   [33mAssistantStatus[0m,
  [90m   |[0m [31m[1m^^^^^^^^^^^^^^^^^^[0m
[31m[1m>[0m [90m11 |[0m   [36mtype[0m [33mAssistantStatusVariant[0m,
  [90m   |[0m [31m[1m^^^^^^^^^^^^^^^^^^^^^^^^^^^^^^[0m
[31m[1m>[0m [90m12 |[0m } [36mfrom[0m [32m"../assistant-status/assistant-status"[0m;
  [90m   |[0m [31m[1m^^^^^^^^^^^^^^^^^^^^^^^^^^^^^^^^^^^^^^^^^^^^^[0m
  [90m13 |[0m
  [90m14 |[0m [36mconst[0m [33mDEFAULT_PLACEHOLDER[0m = [32m"What has Rodrigo worked on?"[0m;
  [90m15 |[0m [36mconst[0m [33mDEFAULT_NAME[0m = [32m"question"[0m;



Import traces:
  Client Component Browser:
    ./registry/ui/assistant-input/assistant-input.tsx [Client Component Browser]
    ./apps/www/src/app/page.tsx [Client Component Browser]
    ./apps/www/src/app/page.tsx [Server Component]

  Client Component SSR:
    ./registry/ui/assistant-input/assistant-input.tsx [Client Component SSR]
    ./apps/www/src/app/page.tsx [Client Component SSR]
    ./apps/www/src/app/page.tsx [Server Component]

https://nextjs.org/docs/messages/module-not-found


[31m[1m⨯[22m[39m ./registry/ui/assistant-input/assistant-input.tsx:9:1
[1m[31mModule not found[39m[22m: Can't resolve [32m'../assistant-status/assistant-status'[39m
  [90m 7 |[0m
  [90m 8 |[0m [36mimport[0m [36mtype[0m { [33mOpenDetailClientStatus[0m } [36mfrom[0m [32m"../../lib/opendetail-client...[0m
[31m[1m>[0m [90m 9 |[0m [36mimport[0m {
  [90m   |[0m [31m[1m^^^^^^^[0m
[31m[1m>[0m [90m10 |[0m   [33mAssistantStatus[0m,
  [90m   |[0m [31m[1m^^^^^^^^^^^^^^^^^^[0m
[31m[1m>[0m [90m11 |[0m   [36mtype[0m [33mAssistantStatusVariant[0m,
  [90m   |[0m [31m[1m^^^^^^^^^^^^^^^^^^^^^^^^^^^^^^[0m
[31m[1m>[0m [90m12 |[0m } [36mfrom[0m [32m"../assistant-status/assistant-status"[0m;
  [90m   |[0m [31m[1m^^^^^^^^^^^^^^^^^^^^^^^^^^^^^^^^^^^^^^^^^^^^^^[0m
  [90m13 |[0m
  [90m14 |[0m [36mconst[0m [33mDEFAULT_PLACEHOLDER[0m = [32m"What has Rodrigo worked on?"[0m;
  [90m15 |[0m [36mconst[0m [33mDEFAULT_NAME[0m = [32m"question"[0m;



Import traces:
  Client Component Browser:
    ./registry/ui/assistant-input/assistant-input.tsx [Client Component Browser]
    ./apps/www/src/app/page.tsx [Client Component Browser]
    ./apps/www/src/app/page.tsx [Server Component]

  Client Component SSR:
    ./registry/ui/assistant-input/assistant-input.tsx [Client Component SSR]
    ./apps/www/src/app/page.tsx [Client Component SSR]
    ./apps/www/src/app/page.tsx [Server Component]

https://nextjs.org/docs/messages/module-not-found



./registry/ui/assistant-input/assistant-input.tsx:9:1
[1m[31mModule not found[39m[22m: Can't resolve [32m'../assistant-status/assistant-status'[39m
  [90m 7 |[0m
  [90m 8 |[0m [36mimport[0m [36mtype[0m { [33mOpenDetailClientStatus[0m } [36mfrom[0m [32m"../../lib/opendetail-client...[0m
[31m[1m>[0m [90m 9 |[0m [36mimport[0m {
  [90m   |[0m [31m[1m^^^^^^^[0m
[31m[1m>[0m [90m10 |[0m   [33mAssistantStatus[0m,
  [90m   |[0m [31m[1m^^^^^^^^^^^^^^^^^^[0m
[31m[1m>[0m [90m11 |[0m   [36mtype[0m [33mAssistantStatusVariant[0m,
  [90m   |[0m [31m[1m^^^^^^^^^^^^^^^^^^^^^^^^^^^^^^[0m
[31m[1m>[0m [90m12 |[0m } [36mfrom[0m [32m"../assistant-status/assistant-status"[0m;
  [90m   |[0m [31m[1m^^^^^^^^^^^^^^^^^^^^^^^^^^^^^^^^^^^^^^^^^^^^^[0m
  [90m13 |[0m
  [90m14 |[0m [36mconst[0m [33mDEFAULT_PLACEHOLDER[0m = [32m"What has Rodrigo worked on?"[0m;
  [90m15 |[0m [36mconst[0m [33mDEFAULT_NAME[0m = [32m"question"[0m;



Import traces:
  Client Component Browser:
    ./registry/ui/assistant-input/assistant-input.tsx [Client Component Browser]
    ./apps/www/src/app/page.tsx [Client Component Browser]
    ./apps/www/src/app/page.tsx [Server Component]

  Client Component SSR:
    ./registry/ui/assistant-input/assistant-input.tsx [Client Component SSR]
    ./apps/www/src/app/page.tsx [Client Component SSR]
    ./apps/www/src/app/page.tsx [Server Component]

https://nextjs.org/docs/messages/module-not-found


[32m[1m✓[22m[39m Compiled in 146ms
 GET / [31m500[39m in 879ms[2m (next.js: 804ms, application-code: 75ms)[22m
[31m[1m⨯[22m[39m ./registry/ui/assistant-input/assistant-input.tsx:9:1
[1m[31mModule not found[39m[22m: Can't resolve [32m'../assistant-status/assistant-status'[39m
  [90m 7 |[0m
  [90m 8 |[0m [36mimport[0m [36mtype[0m { [33mOpenDetailClientStatus[0m } [36mfrom[0m [32m"../../lib/opendetail-client...[0m
[31m[1m>[0m [90m 9 |[0m [36mimport[0m {
  [90m   |[0m [31m[1m^^^^^^^[0m
[31m[1m>[0m [90m10 |[0m   [33mAssistantStatus[0m,
  [90m   |[0m [31m[1m^^^^^^^^^^^^^^^^^^[0m
[31m[1m>[0m [90m11 |[0m   [36mtype[0m [33mAssistantStatusVariant[0m,
  [90m   |[0m [31m[1m^^^^^^^^^^^^^^^^^^^^^^^^^^^^^^[0m
[31m[1m>[0m [90m12 |[0m } [36mfrom[0m [32m"../assistant-status/assistant-status"[0m;
  [90m   |[0m [31m[1m^^^^^^^^^^^^^^^^^^^^^^^^^^^^^^^^^^^^^^^^^^^^^^[0m
  [90m13 |[0m
  [90m14 |[0m [36mconst[0m [33mDEFAULT_PLACEHOLDER[0m = [32m"What has Rodrigo worked on?"[0m;
  [90m15 |[0m [36mconst[0m [33mDEFAULT_NAME[0m = [32m"question"[0m;



Import traces:
  Client Component Browser:
    ./registry/ui/assistant-input/assistant-input.tsx [Client Component Browser]
    ./apps/www/src/app/page.tsx [Client Component Browser]
    ./apps/www/src/app/page.tsx [Server Component]

  Client Component SSR:
    ./registry/ui/assistant-input/assistant-input.tsx [Client Component SSR]
    ./apps/www/src/app/page.tsx [Client Component SSR]
    ./apps/www/src/app/page.tsx [Server Component]

https://nextjs.org/docs/messages/module-not-found



./registry/ui/assistant-input/assistant-input.tsx:9:1
[1m[31mModule not found[39m[22m: Can't resolve [32m'../assistant-status/assistant-status'[39m
  [90m 7 |[0m
  [90m 8 |[0m [36mimport[0m [36mtype[0m { [33mOpenDetailClientStatus[0m } [36mfrom[0m [32m"../../lib/opendetail-client...[0m
[31m[1m>[0m [90m 9 |[0m [36mimport[0m {
  [90m   |[0m [31m[1m^^^^^^^[0m
[31m[1m>[0m [90m10 |[0m   [33mAssistantStatus[0m,
  [90m   |[0m [31m[1m^^^^^^^^^^^^^^^^^^[0m
[31m[1m>[0m [90m11 |[0m   [36mtype[0m [33mAssistantStatusVariant[0m,
  [90m   |[0m [31m[1m^^^^^^^^^^^^^^^^^^^^^^^^^^^^^^[0m
[31m[1m>[0m [90m12 |[0m } [36mfrom[0m [32m"../assistant-status/assistant-status"[0m;
  [90m   |[0m [31m[1m^^^^^^^^^^^^^^^^^^^^^^^^^^^^^^^^^^^^^^^^^^^^^[0m
  [90m13 |[0m
  [90m14 |[0m [36mconst[0m [33mDEFAULT_PLACEHOLDER[0m = [32m"What has Rodrigo worked on?"[0m;
  [90m15 |[0m [36mconst[0m [33mDEFAULT_NAME[0m = [32m"question"[0m;



Import traces:
  Client Component Browser:
    ./registry/ui/assistant-input/assistant-input.tsx [Client Component Browser]
    ./apps/www/src/app/page.tsx [Client Component Browser]
    ./apps/www/src/app/page.tsx [Server Component]

  Client Component SSR:
    ./registry/ui/assistant-input/assistant-input.tsx [Client Component SSR]
    ./apps/www/src/app/page.tsx [Client Component SSR]
    ./apps/www/src/app/page.tsx [Server Component]

https://nextjs.org/docs/messages/module-not-found


[31m[1m⨯[22m[39m ./registry/ui/assistant-input/assistant-input.tsx:9:1
[1m[31mModule not found[39m[22m: Can't resolve [32m'../assistant-status/assistant-status'[39m
  [90m 7 |[0m
  [90m 8 |[0m [36mimport[0m [36mtype[0m { [33mOpenDetailClientStatus[0m } [36mfrom[0m [32m"../../lib/opendetail-client...[0m
[31m[1m>[0m [90m 9 |[0m [36mimport[0m {
  [90m   |[0m [31m[1m^^^^^^^[0m
[31m[1m>[0m [90m10 |[0m   [33mAssistantStatus[0m,
  [90m   |[0m [31m[1m^^^^^^^^^^^^^^^^^^[0m
[31m[1m>[0m [90m11 |[0m   [36mtype[0m [33mAssistantStatusVariant[0m,
  [90m   |[0m [31m[1m^^^^^^^^^^^^^^^^^^^^^^^^^^^^^^[0m
[31m[1m>[0m [90m12 |[0m } [36mfrom[0m [32m"../assistant-status/assistant-status"[0m;
  [90m   |[0m [31m[1m^^^^^^^^^^^^^^^^^^^^^^^^^^^^^^^^^^^^^^^^^^^^^^[0m
  [90m13 |[0m
  [90m14 |[0m [36mconst[0m [33mDEFAULT_PLACEHOLDER[0m = [32m"What has Rodrigo worked on?"[0m;
  [90m15 |[0m [36mconst[0m [33mDEFAULT_NAME[0m = [32m"question"[0m;



Import traces:
  Client Component Browser:
    ./registry/ui/assistant-input/assistant-input.tsx [Client Component Browser]
    ./apps/www/src/app/page.tsx [Client Component Browser]
    ./apps/www/src/app/page.tsx [Server Component]

  Client Component SSR:
    ./registry/ui/assistant-input/assistant-input.tsx [Client Component SSR]
    ./apps/www/src/app/page.tsx [Client Component SSR]
    ./apps/www/src/app/page.tsx [Server Component]

https://nextjs.org/docs/messages/module-not-found



./registry/ui/assistant-input/assistant-input.tsx:9:1
[1m[31mModule not found[39m[22m: Can't resolve [32m'../assistant-status/assistant-status'[39m
  [90m 7 |[0m
  [90m 8 |[0m [36mimport[0m [36mtype[0m { [33mOpenDetailClientStatus[0m } [36mfrom[0m [32m"../../lib/opendetail-client...[0m
[31m[1m>[0m [90m 9 |[0m [36mimport[0m {
  [90m   |[0m [31m[1m^^^^^^^[0m
[31m[1m>[0m [90m10 |[0m   [33mAssistantStatus[0m,
  [90m   |[0m [31m[1m^^^^^^^^^^^^^^^^^^[0m
[31m[1m>[0m [90m11 |[0m   [36mtype[0m [33mAssistantStatusVariant[0m,
  [90m   |[0m [31m[1m^^^^^^^^^^^^^^^^^^^^^^^^^^^^^^[0m
[31m[1m>[0m [90m12 |[0m } [36mfrom[0m [32m"../assistant-status/assistant-status"[0m;
  [90m   |[0m [31m[1m^^^^^^^^^^^^^^^^^^^^^^^^^^^^^^^^^^^^^^^^^^^^^[0m
  [90m13 |[0m
  [90m14 |[0m [36mconst[0m [33mDEFAULT_PLACEHOLDER[0m = [32m"What has Rodrigo worked on?"[0m;
  [90m15 |[0m [36mconst[0m [33mDEFAULT_NAME[0m = [32m"question"[0m;



Import traces:
  Client Component Browser:
    ./registry/ui/assistant-input/assistant-input.tsx [Client Component Browser]
    ./apps/www/src/app/page.tsx [Client Component Browser]
    ./apps/www/src/app/page.tsx [Server Component]

  Client Component SSR:
    ./registry/ui/assistant-input/assistant-input.tsx [Client Component SSR]
    ./apps/www/src/app/page.tsx [Client Component SSR]
    ./apps/www/src/app/page.tsx [Server Component]

https://nextjs.org/docs/messages/module-not-found


 GET / [31m500[39m in 35ms[2m (next.js: 20ms, application-code: 15ms)[22m
 GET / [31m500[39m in 31ms[2m (next.js: 26ms, application-code: 5ms)[22m
[31m[1m⨯[22m[39m ./registry/ui/assistant-input/assistant-input.tsx:9:1
[1m[31mModule not found[39m[22m: Can't resolve [32m'../assistant-status/assistant-status'[39m
  [90m 7 |[0m
  [90m 8 |[0m [36mimport[0m [36mtype[0m { [33mOpenDetailClientStatus[0m } [36mfrom[0m [32m"../../lib/opendetail-client...[0m
[31m[1m>[0m [90m 9 |[0m [36mimport[0m {
  [90m   |[0m [31m[1m^^^^^^^[0m
[31m[1m>[0m [90m10 |[0m   [33mAssistantStatus[0m,
  [90m   |[0m [31m[1m^^^^^^^^^^^^^^^^^^[0m
[31m[1m>[0m [90m11 |[0m   [36mtype[0m [33mAssistantStatusVariant[0m,
  [90m   |[0m [31m[1m^^^^^^^^^^^^^^^^^^^^^^^^^^^^^^[0m
[31m[1m>[0m [90m12 |[0m } [36mfrom[0m [32m"../assistant-status/assistant-status"[0m;
  [90m   |[0m [31m[1m^^^^^^^^^^^^^^^^^^^^^^^^^^^^^^^^^^^^^^^^^^^^^^[0m
  [90m13 |[0m
  [90m14 |[0m [36mconst[0m [33mDEFAULT_PLACEHOLDER[0m = [32m"What has Rodrigo worked on?"[0m;
  [90m15 |[0m [36mconst[0m [33mDEFAULT_NAME[0m = [32m"question"[0m;



Import traces:
  Client Component Browser:
    ./registry/ui/assistant-input/assistant-input.tsx [Client Component Browser]
    ./apps/www/src/app/page.tsx [Client Component Browser]
    ./apps/www/src/app/page.tsx [Server Component]

  Client Component SSR:
    ./registry/ui/assistant-input/assistant-input.tsx [Client Component SSR]
    ./apps/www/src/app/page.tsx [Client Component SSR]
    ./apps/www/src/app/page.tsx [Server Component]

https://nextjs.org/docs/messages/module-not-found



./registry/ui/assistant-input/assistant-input.tsx:9:1
[1m[31mModule not found[39m[22m: Can't resolve [32m'../assistant-status/assistant-status'[39m
  [90m 7 |[0m
  [90m 8 |[0m [36mimport[0m [36mtype[0m { [33mOpenDetailClientStatus[0m } [36mfrom[0m [32m"../../lib/opendetail-client...[0m
[31m[1m>[0m [90m 9 |[0m [36mimport[0m {
  [90m   |[0m [31m[1m^^^^^^^[0m
[31m[1m>[0m [90m10 |[0m   [33mAssistantStatus[0m,
  [90m   |[0m [31m[1m^^^^^^^^^^^^^^^^^^[0m
[31m[1m>[0m [90m11 |[0m   [36mtype[0m [33mAssistantStatusVariant[0m,
  [90m   |[0m [31m[1m^^^^^^^^^^^^^^^^^^^^^^^^^^^^^^[0m
[31m[1m>[0m [90m12 |[0m } [36mfrom[0m [32m"../assistant-status/assistant-status"[0m;
  [90m   |[0m [31m[1m^^^^^^^^^^^^^^^^^^^^^^^^^^^^^^^^^^^^^^^^^^^^^[0m
  [90m13 |[0m
  [90m14 |[0m [36mconst[0m [33mDEFAULT_PLACEHOLDER[0m = [32m"What has Rodrigo worked on?"[0m;
  [90m15 |[0m [36mconst[0m [33mDEFAULT_NAME[0m = [32m"question"[0m;



Import traces:
  Client Component Browser:
    ./registry/ui/assistant-input/assistant-input.tsx [Client Component Browser]
    ./apps/www/src/app/page.tsx [Client Component Browser]
    ./apps/www/src/app/page.tsx [Server Component]

  Client Component SSR:
    ./registry/ui/assistant-input/assistant-input.tsx [Client Component SSR]
    ./apps/www/src/app/page.tsx [Client Component SSR]
    ./apps/www/src/app/page.tsx [Server Component]

https://nextjs.org/docs/messages/module-not-found


[36m[browser][39m [31mUncaught Error: ./registry/ui/assistant-input/assistant-input.tsx:9:1
Module not found: Can't resolve '../assistant-status/assistant-status'
   7 |
   8 | import type { OpenDetailClientStatus } from "../../lib/opendetail-client...
>  9 | import {
     | ^^^^^^^
> 10 |   AssistantStatus,
     | ^^^^^^^^^^^^^^^^^^
> 11 |   type AssistantStatusVariant,
     | ^^^^^^^^^^^^^^^^^^^^^^^^^^^^^^
> 12 | } from "../assistant-status/assistant-status";
     | ^^^^^^^^^^^^^^^^^^^^^^^^^^^^^^^^^^^^^^^^^^^^^
  13 |
  14 | const DEFAULT_PLACEHOLDER = "What has Rodrigo worked on?";
  15 | const DEFAULT_NAME = "question";



Import traces:
  Client Component Browser:
    ./registry/ui/assistant-input/assistant-input.tsx [Client Component Browser]
    ./apps/www/src/app/page.tsx [Client Component Browser]
    ./apps/www/src/app/page.tsx [Server Component]

  Client Component SSR:
    ./registry/ui/assistant-input/assistant-input.tsx [Client Component SSR]
    ./apps/www/src/app/page.tsx [Client Component SSR]
    ./apps/www/src/app/page.tsx [Server Component]

https://nextjs.org/docs/messages/module-not-found

[39m
[31m    at <unknown> (Error: ./registry/ui/assistant-input/assistant-input.tsx:9:1)
    at <unknown> (https://nextjs.org/docs/messages/module-not-found)
    at <unknown> (Error: (./registry/ui/assistant-input/assistant-input.tsx:9:1)
    at <unknown> (https://nextjs.org/docs/messages/module-not-found)[39m
[36m[browser][39m ./registry/ui/assistant-input/assistant-input.tsx:9:1
Module not found: Can't resolve '../assistant-status/assistant-status'
   7 |
   8 | import type { OpenDetailClientStatus } from "../../lib/opendetail-client...
>  9 | import {
     | ^^^^^^^
> 10 |   AssistantStatus,
     | ^^^^^^^^^^^^^^^^^^
> 11 |   type AssistantStatusVariant,
     | ^^^^^^^^^^^^^^^^^^^^^^^^^^^^^^
> 12 | } from "../assistant-status/assistant-status";
     | ^^^^^^^^^^^^^^^^^^^^^^^^^^^^^^^^^^^^^^^^^^^^^
  13 |
  14 | const DEFAULT_PLACEHOLDER = "What has Rodrigo worked on?";
  15 | const DEFAULT_NAME = "question";

Import traces:
  Client Component Browser:
    ./registry/ui/assistant-input/assistant-input.tsx [Client Component Browser]
    ./apps/www/src/app/page.tsx [Client Component Browser]
    ./apps/www/src/app/page.tsx [Server Component]

  Client Component SSR:
    ./registry/ui/assistant-input/assistant-input.tsx [Client Component SSR]
    ./apps/www/src/app/page.tsx [Client Component SSR]
    ./apps/www/src/app/page.tsx [Server Component]

https://nextjs.org/docs/messages/module-not-found 
[31m    at handleErrors (file:///Users/rodrigo/Documents/code/@handleui/opendetail/apps/www/.next/dev/static/chunks/0t6e_next_dist_client_0j~awgn._.js:2773:21)
    at processMessage (file:///Users/rodrigo/Documents/code/@handleui/opendetail/apps/www/.next/dev/static/chunks/0t6e_next_dist_client_0j~awgn._.js:2834:28)
    at <unknown> (file:///Users/rodrigo/Documents/code/@handleui/opendetail/apps/www/.next/dev/static/chunks/0t6e_next_dist_client_0j~awgn._.js:2679:13)
    at WebSocket.handleMessage (file:///Users/rodrigo/Documents/code/@handleui/opendetail/apps/www/.next/dev/static/chunks/0t6e_next_dist_client_0j~awgn._.js:2324:17)[39m [2m(file:///Users/rodrigo/Documents/code/@handleui/opendetail/apps/www/.next/dev/static/chunks/0t6e_next_dist_client_0j~awgn._.js:2773:21)[22m
[36m[browser][39m ./registry/ui/assistant-input/assistant-input.tsx:9:1
Module not found: Can't resolve '../assistant-status/assistant-status'
   7 |
   8 | import type { OpenDetailClientStatus } from "../../lib/opendetail-client...
>  9 | import {
     | ^^^^^^^
> 10 |   AssistantStatus,
     | ^^^^^^^^^^^^^^^^^^
> 11 |   type AssistantStatusVariant,
     | ^^^^^^^^^^^^^^^^^^^^^^^^^^^^^^
> 12 | } from "../assistant-status/assistant-status";
     | ^^^^^^^^^^^^^^^^^^^^^^^^^^^^^^^^^^^^^^^^^^^^^
  13 |
  14 | const DEFAULT_PLACEHOLDER = "What has Rodrigo worked on?";
  15 | const DEFAULT_NAME = "question";

Import traces:
  Client Component Browser:
    ./registry/ui/assistant-input/assistant-input.tsx [Client Component Browser]
    ./apps/www/src/app/page.tsx [Client Component Browser]
    ./apps/www/src/app/page.tsx [Server Component]

  Client Component SSR:
    ./registry/ui/assistant-input/assistant-input.tsx [Client Component SSR]
    ./apps/www/src/app/page.tsx [Client Component SSR]
    ./apps/www/src/app/page.tsx [Server Component]

https://nextjs.org/docs/messages/module-not-found 
[31m    at handleErrors (file:///Users/rodrigo/Documents/code/@handleui/opendetail/apps/www/.next/dev/static/chunks/0t6e_next_dist_client_0j~awgn._.js:2773:21)
    at processMessage (file:///Users/rodrigo/Documents/code/@handleui/opendetail/apps/www/.next/dev/static/chunks/0t6e_next_dist_client_0j~awgn._.js:2834:28)
    at <unknown> (file:///Users/rodrigo/Documents/code/@handleui/opendetail/apps/www/.next/dev/static/chunks/0t6e_next_dist_client_0j~awgn._.js:2679:13)
    at WebSocket.handleMessage (file:///Users/rodrigo/Documents/code/@handleui/opendetail/apps/www/.next/dev/static/chunks/0t6e_next_dist_client_0j~awgn._.js:2324:17)[39m [2m(file:///Users/rodrigo/Documents/code/@handleui/opendetail/apps/www/.next/dev/static/chunks/0t6e_next_dist_client_0j~awgn._.js:2773:21)[22m
[36m[browser][39m ./registry/ui/assistant-input/assistant-input.tsx:9:1
Module not found: Can't resolve '../assistant-status/assistant-status'
   7 |
   8 | import type { OpenDetailClientStatus } from "../../lib/opendetail-client...
>  9 | import {
     | ^^^^^^^
> 10 |   AssistantStatus,
     | ^^^^^^^^^^^^^^^^^^
> 11 |   type AssistantStatusVariant,
     | ^^^^^^^^^^^^^^^^^^^^^^^^^^^^^^
> 12 | } from "../assistant-status/assistant-status";
     | ^^^^^^^^^^^^^^^^^^^^^^^^^^^^^^^^^^^^^^^^^^^^^
  13 |
  14 | const DEFAULT_PLACEHOLDER = "What has Rodrigo worked on?";
  15 | const DEFAULT_NAME = "question";

Import traces:
  Client Component Browser:
    ./registry/ui/assistant-input/assistant-input.tsx [Client Component Browser]
    ./apps/www/src/app/page.tsx [Client Component Browser]
    ./apps/www/src/app/page.tsx [Server Component]

  Client Component SSR:
    ./registry/ui/assistant-input/assistant-input.tsx [Client Component SSR]
    ./apps/www/src/app/page.tsx [Client Component SSR]
    ./apps/www/src/app/page.tsx [Server Component]

https://nextjs.org/docs/messages/module-not-found 
[31m    at handleErrors (file:///Users/rodrigo/Documents/code/@handleui/opendetail/apps/www/.next/dev/static/chunks/0t6e_next_dist_client_0j~awgn._.js:2773:21)
    at processMessage (file:///Users/rodrigo/Documents/code/@handleui/opendetail/apps/www/.next/dev/static/chunks/0t6e_next_dist_client_0j~awgn._.js:2834:28)
    at <unknown> (file:///Users/rodrigo/Documents/code/@handleui/opendetail/apps/www/.next/dev/static/chunks/0t6e_next_dist_client_0j~awgn._.js:2679:13)
    at WebSocket.handleMessage (file:///Users/rodrigo/Documents/code/@handleui/opendetail/apps/www/.next/dev/static/chunks/0t6e_next_dist_client_0j~awgn._.js:2324:17)[39m [2m(file:///Users/rodrigo/Documents/code/@handleui/opendetail/apps/www/.next/dev/static/chunks/0t6e_next_dist_client_0j~awgn._.js:2773:21)[22m
 GET / [32m200[39m in 17ms[2m (next.js: 1554µs, application-code: 16ms)[22m
[32m[1m✓[22m[39m Compiled in 141ms
[32m[1m✓[22m[39m Compiled in 88ms
[31m[1m⨯[22m[39m ./apps/www/src/app/page.tsx:4:1
[1m[31mModule not found[39m[22m: Can't resolve [32m'@/registry/ui/assistant-input/assistant-input'[39m
  [90m2 |[0m ...
  [90m3 |[0m ...[36mrt[0m { useOpenDetail } [36mfrom[0m [32m"@/registry/hooks/use-opendetail/use-opendet...[0m
[31m[1m>[0m [90m4 |[0m ...[36mrt[0m { [33mAssistantInput[0m } [36mfrom[0m [32m"@/registry/ui/assistant-input/assistant-in...[0m
  [90m  |[0m    [31m[1m^^^^^^^^^^^^^^^^^^^^^^^^^^^^^^^^^^^^^^^^^^^^^^^^^^^^^^^^^^^^^^^^^^^^^^^^^[0m
  [90m5 |[0m ...[36mrt[0m { [33mAssistantResponse[0m } [36mfrom[0m [32m"@/registry/ui/assistant-response/assist...[0m
  [90m6 |[0m ...[36mrt[0m { [33mAssistantShell[0m } [36mfrom[0m [32m"@/registry/ui/assistant-shell/assistant-sh...[0m
  [90m7 |[0m ...[36mrt[0m { [33mAssistantThread[0m } [36mfrom[0m [32m"@/registry/ui/assistant-thread/assistant-...[0m

Import map: aliased to relative '../../registry/ui/assistant-input/assistant-input' inside of [project]/apps/www


Import traces:
  Client Component Browser:
    ./apps/www/src/app/page.tsx [Client Component Browser]
    ./apps/www/src/app/page.tsx [Server Component]

  Client Component SSR:
    ./apps/www/src/app/page.tsx [Client Component SSR]
    ./apps/www/src/app/page.tsx [Server Component]

https://nextjs.org/docs/messages/module-not-found


[31m[1m⨯[22m[39m ./apps/www/src/app/page.tsx:4:1
[1m[31mModule not found[39m[22m: Can't resolve [32m'@/registry/ui/assistant-input/assistant-input'[39m
  [90m2 |[0m ...
  [90m3 |[0m ...[36mrt[0m { useOpenDetail } [36mfrom[0m [32m"@/registry/hooks/use-opendetail/use-opendet...[0m
[31m[1m>[0m [90m4 |[0m ...[36mrt[0m { [33mAssistantInput[0m } [36mfrom[0m [32m"@/registry/ui/assistant-input/assistant-in...[0m
  [90m  |[0m    [31m[1m^^^^^^^^^^^^^^^^^^^^^^^^^^^^^^^^^^^^^^^^^^^^^^^^^^^^^^^^^^^^^^^^^^^^^^^^^[0m
  [90m5 |[0m ...[36mrt[0m { [33mAssistantResponse[0m } [36mfrom[0m [32m"@/registry/ui/assistant-response/assist...[0m
  [90m6 |[0m ...[36mrt[0m { [33mAssistantShell[0m } [36mfrom[0m [32m"@/registry/ui/assistant-shell/assistant-sh...[0m
  [90m7 |[0m ...[36mrt[0m { [33mAssistantThread[0m } [36mfrom[0m [32m"@/registry/ui/assistant-thread/assistant-...[0m

Import map: aliased to relative '../../registry/ui/assistant-input/assistant-input' inside of [project]/apps/www


Import traces:
  Client Component Browser:
    ./apps/www/src/app/page.tsx [Client Component Browser]
    ./apps/www/src/app/page.tsx [Server Component]

  Client Component SSR:
    ./apps/www/src/app/page.tsx [Client Component SSR]
    ./apps/www/src/app/page.tsx [Server Component]

https://nextjs.org/docs/messages/module-not-found


[31m[1m⨯[22m[39m ./apps/www/src/app/page.tsx:4:1
[1m[31mModule not found[39m[22m: Can't resolve [32m'@/registry/ui/assistant-input/assistant-input'[39m
  [90m2 |[0m ...
  [90m3 |[0m ...[36mrt[0m { useOpenDetail } [36mfrom[0m [32m"@/registry/hooks/use-opendetail/use-opendet...[0m
[31m[1m>[0m [90m4 |[0m ...[36mrt[0m { [33mAssistantInput[0m } [36mfrom[0m [32m"@/registry/ui/assistant-input/assistant-in...[0m
  [90m  |[0m    [31m[1m^^^^^^^^^^^^^^^^^^^^^^^^^^^^^^^^^^^^^^^^^^^^^^^^^^^^^^^^^^^^^^^^^^^^^^^^^[0m
  [90m5 |[0m ...[36mrt[0m { [33mAssistantResponse[0m } [36mfrom[0m [32m"@/registry/ui/assistant-response/assist...[0m
  [90m6 |[0m ...[36mrt[0m { [33mAssistantShell[0m } [36mfrom[0m [32m"@/registry/ui/assistant-shell/assistant-sh...[0m
  [90m7 |[0m ...[36mrt[0m { [33mAssistantThread[0m } [36mfrom[0m [32m"@/registry/ui/assistant-thread/assistant-...[0m

Import map: aliased to relative '../../registry/ui/assistant-input/assistant-input' inside of [project]/apps/www


Import traces:
  Client Component Browser:
    ./apps/www/src/app/page.tsx [Client Component Browser]
    ./apps/www/src/app/page.tsx [Server Component]

  Client Component SSR:
    ./apps/www/src/app/page.tsx [Client Component SSR]
    ./apps/www/src/app/page.tsx [Server Component]

https://nextjs.org/docs/messages/module-not-found


[31m[1m⨯[22m[39m ./apps/www/src/app/page.tsx:4:1
[1m[31mModule not found[39m[22m: Can't resolve [32m'@/registry/ui/assistant-input/assistant-input'[39m
  [90m2 |[0m ...
  [90m3 |[0m ...[36mrt[0m { useOpenDetail } [36mfrom[0m [32m"@/registry/hooks/use-opendetail/use-opendet...[0m
[31m[1m>[0m [90m4 |[0m ...[36mrt[0m { [33mAssistantInput[0m } [36mfrom[0m [32m"@/registry/ui/assistant-input/assistant-in...[0m
  [90m  |[0m    [31m[1m^^^^^^^^^^^^^^^^^^^^^^^^^^^^^^^^^^^^^^^^^^^^^^^^^^^^^^^^^^^^^^^^^^^^^^^^^[0m
  [90m5 |[0m ...[36mrt[0m { [33mAssistantResponse[0m } [36mfrom[0m [32m"@/registry/ui/assistant-response/assist...[0m
  [90m6 |[0m ...[36mrt[0m { [33mAssistantShell[0m } [36mfrom[0m [32m"@/registry/ui/assistant-shell/assistant-sh...[0m
  [90m7 |[0m ...[36mrt[0m { [33mAssistantThread[0m } [36mfrom[0m [32m"@/registry/ui/assistant-thread/assistant-...[0m

Import map: aliased to relative '../../registry/ui/assistant-input/assistant-input' inside of [project]/apps/www


Import traces:
  Client Component Browser:
    ./apps/www/src/app/page.tsx [Client Component Browser]
    ./apps/www/src/app/page.tsx [Server Component]

  Client Component SSR:
    ./apps/www/src/app/page.tsx [Client Component SSR]
    ./apps/www/src/app/page.tsx [Server Component]

https://nextjs.org/docs/messages/module-not-found


[31m[1m⨯[22m[39m ./apps/www/src/app/page.tsx:4:1
[1m[31mModule not found[39m[22m: Can't resolve [32m'@/registry/ui/assistant-input/assistant-input'[39m
  [90m2 |[0m ...
  [90m3 |[0m ...[36mrt[0m { useOpenDetail } [36mfrom[0m [32m"@/registry/hooks/use-opendetail/use-opendet...[0m
[31m[1m>[0m [90m4 |[0m ...[36mrt[0m { [33mAssistantInput[0m } [36mfrom[0m [32m"@/registry/ui/assistant-input/assistant-in...[0m
  [90m  |[0m    [31m[1m^^^^^^^^^^^^^^^^^^^^^^^^^^^^^^^^^^^^^^^^^^^^^^^^^^^^^^^^^^^^^^^^^^^^^^^^^[0m
  [90m5 |[0m ...[36mrt[0m { [33mAssistantResponse[0m } [36mfrom[0m [32m"@/registry/ui/assistant-response/assist...[0m
  [90m6 |[0m ...[36mrt[0m { [33mAssistantShell[0m } [36mfrom[0m [32m"@/registry/ui/assistant-shell/assistant-sh...[0m
  [90m7 |[0m ...[36mrt[0m { [33mAssistantThread[0m } [36mfrom[0m [32m"@/registry/ui/assistant-thread/assistant-...[0m

Import map: aliased to relative '../../registry/ui/assistant-input/assistant-input' inside of [project]/apps/www


Import traces:
  Client Component Browser:
    ./apps/www/src/app/page.tsx [Client Component Browser]
    ./apps/www/src/app/page.tsx [Server Component]

  Client Component SSR:
    ./apps/www/src/app/page.tsx [Client Component SSR]
    ./apps/www/src/app/page.tsx [Server Component]

https://nextjs.org/docs/messages/module-not-found


[31m[1m⨯[22m[39m ./apps/www/src/app/page.tsx:4:1
[1m[31mModule not found[39m[22m: Can't resolve [32m'@/registry/ui/assistant-input/assistant-input'[39m
  [90m2 |[0m ...
  [90m3 |[0m ...[36mrt[0m { useOpenDetail } [36mfrom[0m [32m"@/registry/hooks/use-opendetail/use-opendet...[0m
[31m[1m>[0m [90m4 |[0m ...[36mrt[0m { [33mAssistantInput[0m } [36mfrom[0m [32m"@/registry/ui/assistant-input/assistant-in...[0m
  [90m  |[0m    [31m[1m^^^^^^^^^^^^^^^^^^^^^^^^^^^^^^^^^^^^^^^^^^^^^^^^^^^^^^^^^^^^^^^^^^^^^^^^^[0m
  [90m5 |[0m ...[36mrt[0m { [33mAssistantResponse[0m } [36mfrom[0m [32m"@/registry/ui/assistant-response/assist...[0m
  [90m6 |[0m ...[36mrt[0m { [33mAssistantShell[0m } [36mfrom[0m [32m"@/registry/ui/assistant-shell/assistant-sh...[0m
  [90m7 |[0m ...[36mrt[0m { [33mAssistantThread[0m } [36mfrom[0m [32m"@/registry/ui/assistant-thread/assistant-...[0m

Import map: aliased to relative '../../registry/ui/assistant-input/assistant-input' inside of [project]/apps/www


Import traces:
  Client Component Browser:
    ./apps/www/src/app/page.tsx [Client Component Browser]
    ./apps/www/src/app/page.tsx [Server Component]

  Client Component SSR:
    ./apps/www/src/app/page.tsx [Client Component SSR]
    ./apps/www/src/app/page.tsx [Server Component]

https://nextjs.org/docs/messages/module-not-found


[31m[1m⨯[22m[39m ./apps/www/src/app/page.tsx:4:1
[1m[31mModule not found[39m[22m: Can't resolve [32m'@/registry/ui/assistant-input/assistant-input'[39m
  [90m2 |[0m ...
  [90m3 |[0m ...[36mrt[0m { useOpenDetail } [36mfrom[0m [32m"@/registry/hooks/use-opendetail/use-opendet...[0m
[31m[1m>[0m [90m4 |[0m ...[36mrt[0m { [33mAssistantInput[0m } [36mfrom[0m [32m"@/registry/ui/assistant-input/assistant-in...[0m
  [90m  |[0m    [31m[1m^^^^^^^^^^^^^^^^^^^^^^^^^^^^^^^^^^^^^^^^^^^^^^^^^^^^^^^^^^^^^^^^^^^^^^^^^[0m
  [90m5 |[0m ...[36mrt[0m { [33mAssistantResponse[0m } [36mfrom[0m [32m"@/registry/ui/assistant-response/assist...[0m
  [90m6 |[0m ...[36mrt[0m { [33mAssistantShell[0m } [36mfrom[0m [32m"@/registry/ui/assistant-shell/assistant-sh...[0m
  [90m7 |[0m ...[36mrt[0m { [33mAssistantThread[0m } [36mfrom[0m [32m"@/registry/ui/assistant-thread/assistant-...[0m

Import map: aliased to relative '../../registry/ui/assistant-input/assistant-input' inside of [project]/apps/www


Import traces:
  Client Component Browser:
    ./apps/www/src/app/page.tsx [Client Component Browser]
    ./apps/www/src/app/page.tsx [Server Component]

  Client Component SSR:
    ./apps/www/src/app/page.tsx [Client Component SSR]
    ./apps/www/src/app/page.tsx [Server Component]

https://nextjs.org/docs/messages/module-not-found


[31m[1m⨯[22m[39m ./apps/www/src/app/page.tsx:4:1
[1m[31mModule not found[39m[22m: Can't resolve [32m'@/registry/ui/assistant-input/assistant-input'[39m
  [90m2 |[0m ...
  [90m3 |[0m ...[36mrt[0m { useOpenDetail } [36mfrom[0m [32m"@/registry/hooks/use-opendetail/use-opendet...[0m
[31m[1m>[0m [90m4 |[0m ...[36mrt[0m { [33mAssistantInput[0m } [36mfrom[0m [32m"@/registry/ui/assistant-input/assistant-in...[0m
  [90m  |[0m    [31m[1m^^^^^^^^^^^^^^^^^^^^^^^^^^^^^^^^^^^^^^^^^^^^^^^^^^^^^^^^^^^^^^^^^^^^^^^^^[0m
  [90m5 |[0m ...[36mrt[0m { [33mAssistantResponse[0m } [36mfrom[0m [32m"@/registry/ui/assistant-response/assist...[0m
  [90m6 |[0m ...[36mrt[0m { [33mAssistantShell[0m } [36mfrom[0m [32m"@/registry/ui/assistant-shell/assistant-sh...[0m
  [90m7 |[0m ...[36mrt[0m { [33mAssistantThread[0m } [36mfrom[0m [32m"@/registry/ui/assistant-thread/assistant-...[0m

Import map: aliased to relative '../../registry/ui/assistant-input/assistant-input' inside of [project]/apps/www


Import traces:
  Client Component Browser:
    ./apps/www/src/app/page.tsx [Client Component Browser]
    ./apps/www/src/app/page.tsx [Server Component]

  Client Component SSR:
    ./apps/www/src/app/page.tsx [Client Component SSR]
    ./apps/www/src/app/page.tsx [Server Component]

https://nextjs.org/docs/messages/module-not-found


[31m[1m⨯[22m[39m ./apps/www/src/app/page.tsx:4:1
[1m[31mModule not found[39m[22m: Can't resolve [32m'@/registry/ui/assistant-input/assistant-input'[39m
  [90m2 |[0m ...
  [90m3 |[0m ...[36mrt[0m { useOpenDetail } [36mfrom[0m [32m"@/registry/hooks/use-opendetail/use-opendet...[0m
[31m[1m>[0m [90m4 |[0m ...[36mrt[0m { [33mAssistantInput[0m } [36mfrom[0m [32m"@/registry/ui/assistant-input/assistant-in...[0m
  [90m  |[0m    [31m[1m^^^^^^^^^^^^^^^^^^^^^^^^^^^^^^^^^^^^^^^^^^^^^^^^^^^^^^^^^^^^^^^^^^^^^^^^^[0m
  [90m5 |[0m ...[36mrt[0m { [33mAssistantResponse[0m } [36mfrom[0m [32m"@/registry/ui/assistant-response/assist...[0m
  [90m6 |[0m ...[36mrt[0m { [33mAssistantShell[0m } [36mfrom[0m [32m"@/registry/ui/assistant-shell/assistant-sh...[0m
  [90m7 |[0m ...[36mrt[0m { [33mAssistantThread[0m } [36mfrom[0m [32m"@/registry/ui/assistant-thread/assistant-...[0m

Import map: aliased to relative '../../registry/ui/assistant-input/assistant-input' inside of [project]/apps/www


Import traces:
  Client Component Browser:
    ./apps/www/src/app/page.tsx [Client Component Browser]
    ./apps/www/src/app/page.tsx [Server Component]

  Client Component SSR:
    ./apps/www/src/app/page.tsx [Client Component SSR]
    ./apps/www/src/app/page.tsx [Server Component]

https://nextjs.org/docs/messages/module-not-found


[31m[1m⨯[22m[39m ./apps/www/src/app/page.tsx:4:1
[1m[31mModule not found[39m[22m: Can't resolve [32m'@/registry/ui/assistant-input/assistant-input'[39m
  [90m2 |[0m ...
  [90m3 |[0m ...[36mrt[0m { useOpenDetail } [36mfrom[0m [32m"@/registry/hooks/use-opendetail/use-opendet...[0m
[31m[1m>[0m [90m4 |[0m ...[36mrt[0m { [33mAssistantInput[0m } [36mfrom[0m [32m"@/registry/ui/assistant-input/assistant-in...[0m
  [90m  |[0m    [31m[1m^^^^^^^^^^^^^^^^^^^^^^^^^^^^^^^^^^^^^^^^^^^^^^^^^^^^^^^^^^^^^^^^^^^^^^^^^[0m
  [90m5 |[0m ...[36mrt[0m { [33mAssistantResponse[0m } [36mfrom[0m [32m"@/registry/ui/assistant-response/assist...[0m
  [90m6 |[0m ...[36mrt[0m { [33mAssistantShell[0m } [36mfrom[0m [32m"@/registry/ui/assistant-shell/assistant-sh...[0m
  [90m7 |[0m ...[36mrt[0m { [33mAssistantThread[0m } [36mfrom[0m [32m"@/registry/ui/assistant-thread/assistant-...[0m

Import map: aliased to relative '../../registry/ui/assistant-input/assistant-input' inside of [project]/apps/www


Import traces:
  Client Component Browser:
    ./apps/www/src/app/page.tsx [Client Component Browser]
    ./apps/www/src/app/page.tsx [Server Component]

  Client Component SSR:
    ./apps/www/src/app/page.tsx [Client Component SSR]
    ./apps/www/src/app/page.tsx [Server Component]

https://nextjs.org/docs/messages/module-not-found


[31m[1m⨯[22m[39m ./apps/www/src/app/page.tsx:4:1
[1m[31mModule not found[39m[22m: Can't resolve [32m'@/registry/ui/assistant-input/assistant-input'[39m
  [90m2 |[0m ...
  [90m3 |[0m ...[36mrt[0m { useOpenDetail } [36mfrom[0m [32m"@/registry/hooks/use-opendetail/use-opendet...[0m
[31m[1m>[0m [90m4 |[0m ...[36mrt[0m { [33mAssistantInput[0m } [36mfrom[0m [32m"@/registry/ui/assistant-input/assistant-in...[0m
  [90m  |[0m    [31m[1m^^^^^^^^^^^^^^^^^^^^^^^^^^^^^^^^^^^^^^^^^^^^^^^^^^^^^^^^^^^^^^^^^^^^^^^^^[0m
  [90m5 |[0m ...[36mrt[0m { [33mAssistantResponse[0m } [36mfrom[0m [32m"@/registry/ui/assistant-response/assist...[0m
  [90m6 |[0m ...[36mrt[0m { [33mAssistantShell[0m } [36mfrom[0m [32m"@/registry/ui/assistant-shell/assistant-sh...[0m
  [90m7 |[0m ...[36mrt[0m { [33mAssistantThread[0m } [36mfrom[0m [32m"@/registry/ui/assistant-thread/assistant-...[0m

Import map: aliased to relative '../../registry/ui/assistant-input/assistant-input' inside of [project]/apps/www


Import traces:
  Client Component Browser:
    ./apps/www/src/app/page.tsx [Client Component Browser]
    ./apps/www/src/app/page.tsx [Server Component]

  Client Component SSR:
    ./apps/www/src/app/page.tsx [Client Component SSR]
    ./apps/www/src/app/page.tsx [Server Component]

https://nextjs.org/docs/messages/module-not-found


[31m[1m⨯[22m[39m ./apps/www/src/app/page.tsx:4:1
[1m[31mModule not found[39m[22m: Can't resolve [32m'@/registry/ui/assistant-input/assistant-input'[39m
  [90m2 |[0m ...
  [90m3 |[0m ...[36mrt[0m { useOpenDetail } [36mfrom[0m [32m"@/registry/hooks/use-opendetail/use-opendet...[0m
[31m[1m>[0m [90m4 |[0m ...[36mrt[0m { [33mAssistantInput[0m } [36mfrom[0m [32m"@/registry/ui/assistant-input/assistant-in...[0m
  [90m  |[0m    [31m[1m^^^^^^^^^^^^^^^^^^^^^^^^^^^^^^^^^^^^^^^^^^^^^^^^^^^^^^^^^^^^^^^^^^^^^^^^^[0m
  [90m5 |[0m ...[36mrt[0m { [33mAssistantResponse[0m } [36mfrom[0m [32m"@/registry/ui/assistant-response/assist...[0m
  [90m6 |[0m ...[36mrt[0m { [33mAssistantShell[0m } [36mfrom[0m [32m"@/registry/ui/assistant-shell/assistant-sh...[0m
  [90m7 |[0m ...[36mrt[0m { [33mAssistantThread[0m } [36mfrom[0m [32m"@/registry/ui/assistant-thread/assistant-...[0m

Import map: aliased to relative '../../registry/ui/assistant-input/assistant-input' inside of [project]/apps/www


Import traces:
  Client Component Browser:
    ./apps/www/src/app/page.tsx [Client Component Browser]
    ./apps/www/src/app/page.tsx [Server Component]

  Client Component SSR:
    ./apps/www/src/app/page.tsx [Client Component SSR]
    ./apps/www/src/app/page.tsx [Server Component]

https://nextjs.org/docs/messages/module-not-found


[31m[1m⨯[22m[39m ./apps/www/src/app/page.tsx:4:1
[1m[31mModule not found[39m[22m: Can't resolve [32m'@/registry/ui/assistant-input/assistant-input'[39m
  [90m2 |[0m ...
  [90m3 |[0m ...[36mrt[0m { useOpenDetail } [36mfrom[0m [32m"@/registry/hooks/use-opendetail/use-opendet...[0m
[31m[1m>[0m [90m4 |[0m ...[36mrt[0m { [33mAssistantInput[0m } [36mfrom[0m [32m"@/registry/ui/assistant-input/assistant-in...[0m
  [90m  |[0m    [31m[1m^^^^^^^^^^^^^^^^^^^^^^^^^^^^^^^^^^^^^^^^^^^^^^^^^^^^^^^^^^^^^^^^^^^^^^^^^[0m
  [90m5 |[0m ...[36mrt[0m { [33mAssistantResponse[0m } [36mfrom[0m [32m"@/registry/ui/assistant-response/assist...[0m
  [90m6 |[0m ...[36mrt[0m { [33mAssistantShell[0m } [36mfrom[0m [32m"@/registry/ui/assistant-shell/assistant-sh...[0m
  [90m7 |[0m ...[36mrt[0m { [33mAssistantThread[0m } [36mfrom[0m [32m"@/registry/ui/assistant-thread/assistant-...[0m

Import map: aliased to relative '../../registry/ui/assistant-input/assistant-input' inside of [project]/apps/www


Import traces:
  Client Component Browser:
    ./apps/www/src/app/page.tsx [Client Component Browser]
    ./apps/www/src/app/page.tsx [Server Component]

  Client Component SSR:
    ./apps/www/src/app/page.tsx [Client Component SSR]
    ./apps/www/src/app/page.tsx [Server Component]

https://nextjs.org/docs/messages/module-not-found


 GET / [31m500[39m in 17ms[2m (next.js: 9ms, application-code: 8ms)[22m
[31m[1m⨯[22m[39m ./apps/www/src/app/page.tsx:4:1
[1m[31mModule not found[39m[22m: Can't resolve [32m'@/registry/ui/assistant-input/assistant-input'[39m
  [90m2 |[0m ...
  [90m3 |[0m ...[36mrt[0m { useOpenDetail } [36mfrom[0m [32m"@/registry/hooks/use-opendetail/use-opendet...[0m
[31m[1m>[0m [90m4 |[0m ...[36mrt[0m { [33mAssistantInput[0m } [36mfrom[0m [32m"@/registry/ui/assistant-input/assistant-in...[0m
  [90m  |[0m    [31m[1m^^^^^^^^^^^^^^^^^^^^^^^^^^^^^^^^^^^^^^^^^^^^^^^^^^^^^^^^^^^^^^^^^^^^^^^^^[0m
  [90m5 |[0m ...[36mrt[0m { [33mAssistantResponse[0m } [36mfrom[0m [32m"@/registry/ui/assistant-response/assist...[0m
  [90m6 |[0m ...[36mrt[0m { [33mAssistantShell[0m } [36mfrom[0m [32m"@/registry/ui/assistant-shell/assistant-sh...[0m
  [90m7 |[0m ...[36mrt[0m { [33mAssistantThread[0m } [36mfrom[0m [32m"@/registry/ui/assistant-thread/assistant-...[0m

Import map: aliased to relative '../../registry/ui/assistant-input/assistant-input' inside of [project]/apps/www


Import traces:
  Client Component Browser:
    ./apps/www/src/app/page.tsx [Client Component Browser]
    ./apps/www/src/app/page.tsx [Server Component]

  Client Component SSR:
    ./apps/www/src/app/page.tsx [Client Component SSR]
    ./apps/www/src/app/page.tsx [Server Component]

https://nextjs.org/docs/messages/module-not-found


 GET / [31m500[39m in 16ms[2m (next.js: 8ms, application-code: 7ms)[22m
[31m[1m⨯[22m[39m ./apps/www/src/app/page.tsx:4:1
[1m[31mModule not found[39m[22m: Can't resolve [32m'@/registry/ui/assistant-input/assistant-input'[39m
  [90m2 |[0m ...
  [90m3 |[0m ...[36mrt[0m { useOpenDetail } [36mfrom[0m [32m"@/registry/hooks/use-opendetail/use-opendet...[0m
[31m[1m>[0m [90m4 |[0m ...[36mrt[0m { [33mAssistantInput[0m } [36mfrom[0m [32m"@/registry/ui/assistant-input/assistant-in...[0m
  [90m  |[0m    [31m[1m^^^^^^^^^^^^^^^^^^^^^^^^^^^^^^^^^^^^^^^^^^^^^^^^^^^^^^^^^^^^^^^^^^^^^^^^^[0m
  [90m5 |[0m ...[36mrt[0m { [33mAssistantResponse[0m } [36mfrom[0m [32m"@/registry/ui/assistant-response/assist...[0m
  [90m6 |[0m ...[36mrt[0m { [33mAssistantShell[0m } [36mfrom[0m [32m"@/registry/ui/assistant-shell/assistant-sh...[0m
  [90m7 |[0m ...[36mrt[0m { [33mAssistantThread[0m } [36mfrom[0m [32m"@/registry/ui/assistant-thread/assistant-...[0m

Import map: aliased to relative '../../registry/ui/assistant-input/assistant-input' inside of [project]/apps/www


Import traces:
  Client Component Browser:
    ./apps/www/src/app/page.tsx [Client Component Browser]
    ./apps/www/src/app/page.tsx [Server Component]

  Client Component SSR:
    ./apps/www/src/app/page.tsx [Client Component SSR]
    ./apps/www/src/app/page.tsx [Server Component]

https://nextjs.org/docs/messages/module-not-found


[31m[1m⨯[22m[39m ./apps/www/src/app/page.tsx:4:1
[1m[31mModule not found[39m[22m: Can't resolve [32m'@/registry/ui/assistant-input/assistant-input'[39m
  [90m2 |[0m ...
  [90m3 |[0m ...[36mrt[0m { useOpenDetail } [36mfrom[0m [32m"@/registry/hooks/use-opendetail/use-opendet...[0m
[31m[1m>[0m [90m4 |[0m ...[36mrt[0m { [33mAssistantInput[0m } [36mfrom[0m [32m"@/registry/ui/assistant-input/assistant-in...[0m
  [90m  |[0m    [31m[1m^^^^^^^^^^^^^^^^^^^^^^^^^^^^^^^^^^^^^^^^^^^^^^^^^^^^^^^^^^^^^^^^^^^^^^^^^[0m
  [90m5 |[0m ...[36mrt[0m { [33mAssistantResponse[0m } [36mfrom[0m [32m"@/registry/ui/assistant-response/assist...[0m
  [90m6 |[0m ...[36mrt[0m { [33mAssistantShell[0m } [36mfrom[0m [32m"@/registry/ui/assistant-shell/assistant-sh...[0m
  [90m7 |[0m ...[36mrt[0m { [33mAssistantThread[0m } [36mfrom[0m [32m"@/registry/ui/assistant-thread/assistant-...[0m

Import map: aliased to relative '../../registry/ui/assistant-input/assistant-input' inside of [project]/apps/www


Import traces:
  Client Component Browser:
    ./apps/www/src/app/page.tsx [Client Component Browser]
    ./apps/www/src/app/page.tsx [Server Component]

  Client Component SSR:
    ./apps/www/src/app/page.tsx [Client Component SSR]
    ./apps/www/src/app/page.tsx [Server Component]

https://nextjs.org/docs/messages/module-not-found


 GET / [31m500[39m in 13ms[2m (next.js: 5ms, application-code: 8ms)[22m
 GET / [31m500[39m in 28ms[2m (next.js: 14ms, application-code: 14ms)[22m
[32m[1m✓[22m[39m Compiled in 94ms
[36m[browser][39m [31mUncaught Error: ./apps/www/src/app/page.tsx:4:1
Module not found: Can't resolve '@/registry/ui/assistant-input/assistant-input'
  2 | ...
  3 | ...rt { useOpenDetail } from "@/registry/hooks/use-opendetail/use-opendet...
> 4 | ...rt { AssistantInput } from "@/registry/ui/assistant-input/assistant-in...
    |    ^^^^^^^^^^^^^^^^^^^^^^^^^^^^^^^^^^^^^^^^^^^^^^^^^^^^^^^^^^^^^^^^^^^^^^^^^
  5 | ...rt { AssistantResponse } from "@/registry/ui/assistant-response/assist...
  6 | ...rt { AssistantShell } from "@/registry/ui/assistant-shell/assistant-sh...
  7 | ...rt { AssistantThread } from "@/registry/ui/assistant-thread/assistant-...

Import map: aliased to relative '../../registry/ui/assistant-input/assistant-input' inside of [project]/apps/www


Import traces:
  Client Component Browser:
    ./apps/www/src/app/page.tsx [Client Component Browser]
    ./apps/www/src/app/page.tsx [Server Component]

  Client Component SSR:
    ./apps/www/src/app/page.tsx [Client Component SSR]
    ./apps/www/src/app/page.tsx [Server Component]

https://nextjs.org/docs/messages/module-not-found

[39m
[31m    at <unknown> (Error: ./apps/www/src/app/page.tsx:4:1)
    at <unknown> (https://nextjs.org/docs/messages/module-not-found)
    at <unknown> (Error: (./apps/www/src/app/page.tsx:4:1)
    at <unknown> (https://nextjs.org/docs/messages/module-not-found)[39m
[36m[browser][39m ./apps/www/src/app/page.tsx:4:1
Module not found: Can't resolve '@/registry/ui/assistant-input/assistant-input'
  2 | ...
  3 | ...rt { useOpenDetail } from "@/registry/hooks/use-opendetail/use-opendet...
> 4 | ...rt { AssistantInput } from "@/registry/ui/assistant-input/assistant-in...
    |    ^^^^^^^^^^^^^^^^^^^^^^^^^^^^^^^^^^^^^^^^^^^^^^^^^^^^^^^^^^^^^^^^^^^^^^^^^
  5 | ...rt { AssistantResponse } from "@/registry/ui/assistant-response/assist...
  6 | ...rt { AssistantShell } from "@/registry/ui/assistant-shell/assistant-sh...
  7 | ...rt { AssistantThread } from "@/registry/ui/assistant-thread/assistant-...

Import map: aliased to relative '../../registry/ui/assistant-input/assistant-input' inside of [project]/apps/www

Import traces:
  Client Component Browser:
    ./apps/www/src/app/page.tsx [Client Component Browser]
    ./apps/www/src/app/page.tsx [Server Component]

  Client Component SSR:
    ./apps/www/src/app/page.tsx [Client Component SSR]
    ./apps/www/src/app/page.tsx [Server Component]

https://nextjs.org/docs/messages/module-not-found 
[31m    at handleErrors (file:///Users/rodrigo/Documents/code/@handleui/opendetail/apps/www/.next/dev/static/chunks/0t6e_next_dist_client_0j~awgn._.js:2773:21)
    at processMessage (file:///Users/rodrigo/Documents/code/@handleui/opendetail/apps/www/.next/dev/static/chunks/0t6e_next_dist_client_0j~awgn._.js:2834:28)
    at <unknown> (file:///Users/rodrigo/Documents/code/@handleui/opendetail/apps/www/.next/dev/static/chunks/0t6e_next_dist_client_0j~awgn._.js:2679:13)
    at WebSocket.handleMessage (file:///Users/rodrigo/Documents/code/@handleui/opendetail/apps/www/.next/dev/static/chunks/0t6e_next_dist_client_0j~awgn._.js:2324:17)[39m [2m(file:///Users/rodrigo/Documents/code/@handleui/opendetail/apps/www/.next/dev/static/chunks/0t6e_next_dist_client_0j~awgn._.js:2773:21)[22m
[36m[browser][39m ./apps/www/src/app/page.tsx:4:1
Module not found: Can't resolve '@/registry/ui/assistant-input/assistant-input'
  2 | ...
  3 | ...rt { useOpenDetail } from "@/registry/hooks/use-opendetail/use-opendet...
> 4 | ...rt { AssistantInput } from "@/registry/ui/assistant-input/assistant-in...
    |    ^^^^^^^^^^^^^^^^^^^^^^^^^^^^^^^^^^^^^^^^^^^^^^^^^^^^^^^^^^^^^^^^^^^^^^^^^
  5 | ...rt { AssistantResponse } from "@/registry/ui/assistant-response/assist...
  6 | ...rt { AssistantShell } from "@/registry/ui/assistant-shell/assistant-sh...
  7 | ...rt { AssistantThread } from "@/registry/ui/assistant-thread/assistant-...

Import map: aliased to relative '../../registry/ui/assistant-input/assistant-input' inside of [project]/apps/www

Import traces:
  Client Component Browser:
    ./apps/www/src/app/page.tsx [Client Component Browser]
    ./apps/www/src/app/page.tsx [Server Component]

  Client Component SSR:
    ./apps/www/src/app/page.tsx [Client Component SSR]
    ./apps/www/src/app/page.tsx [Server Component]

https://nextjs.org/docs/messages/module-not-found 
[31m    at handleErrors (file:///Users/rodrigo/Documents/code/@handleui/opendetail/apps/www/.next/dev/static/chunks/0t6e_next_dist_client_0j~awgn._.js:2773:21)
    at processMessage (file:///Users/rodrigo/Documents/code/@handleui/opendetail/apps/www/.next/dev/static/chunks/0t6e_next_dist_client_0j~awgn._.js:2834:28)
    at <unknown> (file:///Users/rodrigo/Documents/code/@handleui/opendetail/apps/www/.next/dev/static/chunks/0t6e_next_dist_client_0j~awgn._.js:2679:13)
    at WebSocket.handleMessage (file:///Users/rodrigo/Documents/code/@handleui/opendetail/apps/www/.next/dev/static/chunks/0t6e_next_dist_client_0j~awgn._.js:2324:17)[39m [2m(file:///Users/rodrigo/Documents/code/@handleui/opendetail/apps/www/.next/dev/static/chunks/0t6e_next_dist_client_0j~awgn._.js:2773:21)[22m
 GET / [32m200[39m in 234ms[2m (next.js: 59ms, application-code: 176ms)[22m
 GET / [32m200[39m in 88ms[2m (next.js: 30ms, application-code: 58ms)[22m
[32m[1m✓[22m[39m Compiled in 147ms
[32m[1m✓[22m[39m Compiled in 251ms
[32m[1m✓[22m[39m Compiled in 60ms
 GET / [32m200[39m in 33ms[2m (next.js: 5ms, application-code: 29ms)[22m
[32m[1m✓[22m[39m Compiled in 120ms
 POST /api/opendetail [32m200[39m in 2.4s[2m (next.js: 173ms, application-code: 2.2s)[22m
[32m[1m✓[22m[39m Compiled in 166ms
[32m[1m✓[22m[39m Compiled in 186ms
[32m[1m✓[22m[39m Compiled in 35ms
[32m[1m✓[22m[39m Compiled in 24ms
[32m[1m✓[22m[39m Compiled in 19ms
[32m[1m✓[22m[39m Compiled in 671ms
 GET / [32m200[39m in 96ms[2m (next.js: 48ms, application-code: 48ms)[22m
[32m[1m✓[22m[39m Compiled in 47ms
 GET / [32m200[39m in 138ms[2m (next.js: 93ms, application-code: 44ms)[22m
[32m[1m✓[22m[39m Compiled in 308ms
 GET / [32m200[39m in 177ms[2m (next.js: 50ms, application-code: 127ms)[22m
 GET / [32m200[39m in 76ms[2m (next.js: 33ms, application-code: 43ms)[22m
 GET / [32m200[39m in 10ms[2m (next.js: 1265µs, application-code: 9ms)[22m
 GET / [32m200[39m in 12ms[2m (next.js: 983µs, application-code: 11ms)[22m
 GET / [32m200[39m in 12ms[2m (next.js: 1899µs, application-code: 10ms)[22m
 GET / [32m200[39m in 11ms[2m (next.js: 1125µs, application-code: 10ms)[22m
 GET / [32m200[39m in 10ms[2m (next.js: 1395µs, application-code: 8ms)[22m
 GET / [32m200[39m in 10ms[2m (next.js: 1386µs, application-code: 8ms)[22m
 GET / [32m200[39m in 9ms[2m (next.js: 1014µs, application-code: 8ms)[22m
 GET / [32m200[39m in 11ms[2m (next.js: 881µs, application-code: 10ms)[22m
 GET / [32m200[39m in 9ms[2m (next.js: 1104µs, application-code: 8ms)[22m
 GET / [32m200[39m in 10ms[2m (next.js: 1284µs, application-code: 8ms)[22m
 GET / [32m200[39m in 11ms[2m (next.js: 1317µs, application-code: 9ms)[22m
 GET / [32m200[39m in 9ms[2m (next.js: 1051µs, application-code: 8ms)[22m
 GET / [32m200[39m in 9ms[2m (next.js: 1110µs, application-code: 8ms)[22m
 GET / [32m200[39m in 105ms[2m (next.js: 1077µs, application-code: 103ms)[22m
 GET / [32m200[39m in 32ms[2m (next.js: 4ms, application-code: 28ms)[22m
 GET / [32m200[39m in 10ms[2m (next.js: 1718µs, application-code: 8ms)[22m
 GET / [32m200[39m in 9ms[2m (next.js: 893µs, application-code: 8ms)[22m
 GET / [32m200[39m in 12ms[2m (next.js: 3ms, application-code: 9ms)[22m
 GET / [32m200[39m in 9ms[2m (next.js: 1019µs, application-code: 8ms)[22m
 GET / [32m200[39m in 15ms[2m (next.js: 1153µs, application-code: 14ms)[22m
[32m[1m✓[22m[39m Compiled in 25ms
 GET / [32m200[39m in 134ms[2m (next.js: 16ms, application-code: 118ms)[22m
[32m[1m✓[22m[39m Compiled in 183ms
[32m[1m✓[22m[39m Compiled in 150ms
[32m[1m✓[22m[39m Compiled in 73ms
[32m[1m✓[22m[39m Compiled in 272ms
 POST /api/opendetail [32m200[39m in 1650ms[2m (next.js: 188ms, application-code: 1462ms)[22m
[32m[1m✓[22m[39m Compiled in 228ms
[32m[1m✓[22m[39m Compiled in 201ms
 POST /api/opendetail [32m200[39m in 1655ms[2m (next.js: 5ms, application-code: 1651ms)[22m
[32m[1m✓[22m[39m Compiled in 206ms
[32m[1m✓[22m[39m Compiled in 59ms
[32m[1m✓[22m[39m Compiled in 146ms
[32m[1m✓[22m[39m Compiled in 47ms
[32m[1m✓[22m[39m Compiled in 86ms
 POST /api/opendetail [32m200[39m in 1153ms[2m (next.js: 17ms, application-code: 1136ms)[22m
[32m[1m✓[22m[39m Compiled in 195ms
 GET / [32m200[39m in 55ms[2m (next.js: 14ms, application-code: 41ms)[22m
[36m[browser][39m A tree hydrated but some attributes of the server rendered HTML didn't match the client properties. This won't be patched up. This can happen if a SSR-ed Client Component used:

- A server/client branch `if (typeof window !== 'undefined')`.
- Variable input such as `Date.now()` or `Math.random()` which changes each time it's called.
- Date formatting in a user's locale which doesn't match the server.
- External changing data without sending a snapshot of it along with the HTML.
- Invalid HTML tag nesting.

It can also happen if the client has a browser extension installed which messes with the HTML before React loaded.

https://react.dev/link/hydration-mismatch

  ...
    <SegmentViewNode type="page" pagePath="page.tsx">
      <SegmentTrieNode>
      <ClientPageRoot Component={function Home} serverProvidedParams={{...}}>
        <Home params={Promise} searchParams={Promise}>
          <main className="min-h-scre...">
            <AssistantShell>
            <div className="fixed righ...">
              <AssistantInput onStop={function t11} onSubmit={function Home[<AssistantInput>.onSubmit]} ...>
                <motion.div className="opendetail..." layout={true} transition={{layout:{...}}}>
                  <MeasureLayout>
                  <div className="opendetail..." style={{}} ref={function useMotionRef.useCallback}>
                    <motion.form aria-busy={undefined} className="min-h-12 w..." ...>
                      <MeasureLayout>
                      <form aria-busy={undefined} className="min-h-12 w..." data-opendetail-placeholder="assistant-..." ...>
                        <motion.label className="min-w-0 fl..." htmlFor="_R_slrlb_" layout="position" ...>
                          <MeasureLayout>
                          <label
                            className="min-w-0 flex-1"
+                           htmlFor="_R_slrlb_"
-                           htmlFor="_R_klrlb_"
                            style={{}}
                            ref={function useMotionRef.useCallback}
                          >
                            <span>
                            <textarea
                              autoFocus={false}
                              className="block w-full resize-none overflow-hidden border-0 bg-transparent p-0 font-nor..."
                              disabled={false}
                              enterKeyHint="send"
+                             id="_R_slrlb_"
-                             id="_R_klrlb_"
                              maxLength={4000}
                              name="question"
                              onChange={function t30}
                              onKeyDown={function t15}
                              placeholder="Ask about the product docs or the visual references"
                              readOnly={false}
                              ref={{current:null}}
                              rows={1}
                              spellCheck={false}
                              style={{height:"24px"}}
                              value=""
                            >
                        ...
    ...
 
[31m    at <unknown> (file:///Users/rodrigo/Documents/code/@handleui/opendetail/apps/www/.next/dev/static/chunks/0t6e_next_dist_compiled_react-dom_03ko5xt._.js:3439:25)
    at runWithFiberInDEV (file:///Users/rodrigo/Documents/code/@handleui/opendetail/apps/www/.next/dev/static/chunks/0t6e_next_dist_compiled_react-dom_03ko5xt._.js:965:74)
    at emitPendingHydrationWarnings (file:///Users/rodrigo/Documents/code/@handleui/opendetail/apps/www/.next/dev/static/chunks/0t6e_next_dist_compiled_react-dom_03ko5xt._.js:3438:13)
    at completeWork (file:///Users/rodrigo/Documents/code/@handleui/opendetail/apps/www/.next/dev/static/chunks/0t6e_next_dist_compiled_react-dom_03ko5xt._.js:6885:102)
    at runWithFiberInDEV (file:///Users/rodrigo/Documents/code/@handleui/opendetail/apps/www/.next/dev/static/chunks/0t6e_next_dist_compiled_react-dom_03ko5xt._.js:965:131)
    at completeUnitOfWork (file:///Users/rodrigo/Documents/code/@handleui/opendetail/apps/www/.next/dev/static/chunks/0t6e_next_dist_compiled_react-dom_03ko5xt._.js:9622:23)
    at performUnitOfWork (file:///Users/rodrigo/Documents/code/@handleui/opendetail/apps/www/.next/dev/static/chunks/0t6e_next_dist_compiled_react-dom_03ko5xt._.js:9557:28)
    at workLoopConcurrentByScheduler (file:///Users/rodrigo/Documents/code/@handleui/opendetail/apps/www/.next/dev/static/chunks/0t6e_next_dist_compiled_react-dom_03ko5xt._.js:9551:58)
    at renderRootConcurrent (file:///Users/rodrigo/Documents/code/@handleui/opendetail/apps/www/.next/dev/static/chunks/0t6e_next_dist_compiled_react-dom_03ko5xt._.js:9534:71)
    at performWorkOnRoot (file:///Users/rodrigo/Documents/code/@handleui/opendetail/apps/www/.next/dev/static/chunks/0t6e_next_dist_compiled_react-dom_03ko5xt._.js:9061:150)
    at performWorkOnRootViaSchedulerTask (file:///Users/rodrigo/Documents/code/@handleui/opendetail/apps/www/.next/dev/static/chunks/0t6e_next_dist_compiled_react-dom_03ko5xt._.js:10255:9)
    at MessagePort.performWorkUntilDeadline (file:///Users/rodrigo/Documents/code/@handleui/opendetail/apps/www/.next/dev/static/chunks/0t6e_next_dist_compiled_0_plurs._.js:2647:64)[39m [2m(file:///Users/rodrigo/Documents/code/@handleui/opendetail/apps/www/.next/dev/static/chunks/0t6e_next_dist_compiled_react-dom_03ko5xt._.js:3439:25)[22m
[32m[1m✓[22m[39m Compiled in 57ms
 GET / [32m200[39m in 29ms[2m (next.js: 3ms, application-code: 27ms)[22m
[36m[browser][39m A tree hydrated but some attributes of the server rendered HTML didn't match the client properties. This won't be patched up. This can happen if a SSR-ed Client Component used:

- A server/client branch `if (typeof window !== 'undefined')`.
- Variable input such as `Date.now()` or `Math.random()` which changes each time it's called.
- Date formatting in a user's locale which doesn't match the server.
- External changing data without sending a snapshot of it along with the HTML.
- Invalid HTML tag nesting.

It can also happen if the client has a browser extension installed which messes with the HTML before React loaded.

https://react.dev/link/hydration-mismatch

  ...
    <SegmentViewNode type="page" pagePath="page.tsx">
      <SegmentTrieNode>
      <ClientPageRoot Component={function Home} serverProvidedParams={{...}}>
        <Home params={Promise} searchParams={Promise}>
          <main className="min-h-scre...">
            <AssistantShell>
            <div className="fixed righ...">
              <AssistantInput onStop={function t11} onSubmit={function Home[<AssistantInput>.onSubmit]} ...>
                <motion.div className="opendetail..." layout={true} transition={{layout:{...}}}>
                  <MeasureLayout>
                  <div className="opendetail..." style={{}} ref={function useMotionRef.useCallback}>
                    <motion.form aria-busy={undefined} className="min-h-12 w..." ...>
                      <MeasureLayout>
                      <form aria-busy={undefined} className="min-h-12 w..." data-opendetail-placeholder="assistant-..." ...>
                        <motion.label className="min-w-0 fl..." htmlFor="_R_slrlb_" layout="position" ...>
                          <MeasureLayout>
                          <label
                            className="min-w-0 flex-1"
+                           htmlFor="_R_slrlb_"
-                           htmlFor="_R_klrlb_"
                            style={{}}
                            ref={function useMotionRef.useCallback}
                          >
                            <span>
                            <textarea
                              autoFocus={false}
                              className="block w-full resize-none overflow-hidden border-0 bg-transparent p-0 font-nor..."
                              disabled={false}
                              enterKeyHint="send"
+                             id="_R_slrlb_"
-                             id="_R_klrlb_"
                              maxLength={4000}
                              name="question"
                              onChange={function t30}
                              onKeyDown={function t15}
                              placeholder="Ask about the product docs or the visual references"
                              readOnly={false}
                              ref={{current:null}}
                              rows={1}
                              spellCheck={false}
                              style={{height:"24px"}}
                              value=""
                            >
                        ...
    ...
 
[31m    at <unknown> (file:///Users/rodrigo/Documents/code/@handleui/opendetail/apps/www/.next/dev/static/chunks/0t6e_next_dist_compiled_react-dom_03ko5xt._.js:3439:25)
    at runWithFiberInDEV (file:///Users/rodrigo/Documents/code/@handleui/opendetail/apps/www/.next/dev/static/chunks/0t6e_next_dist_compiled_react-dom_03ko5xt._.js:965:74)
    at emitPendingHydrationWarnings (file:///Users/rodrigo/Documents/code/@handleui/opendetail/apps/www/.next/dev/static/chunks/0t6e_next_dist_compiled_react-dom_03ko5xt._.js:3438:13)
    at completeWork (file:///Users/rodrigo/Documents/code/@handleui/opendetail/apps/www/.next/dev/static/chunks/0t6e_next_dist_compiled_react-dom_03ko5xt._.js:6885:102)
    at runWithFiberInDEV (file:///Users/rodrigo/Documents/code/@handleui/opendetail/apps/www/.next/dev/static/chunks/0t6e_next_dist_compiled_react-dom_03ko5xt._.js:965:131)
    at completeUnitOfWork (file:///Users/rodrigo/Documents/code/@handleui/opendetail/apps/www/.next/dev/static/chunks/0t6e_next_dist_compiled_react-dom_03ko5xt._.js:9622:23)
    at performUnitOfWork (file:///Users/rodrigo/Documents/code/@handleui/opendetail/apps/www/.next/dev/static/chunks/0t6e_next_dist_compiled_react-dom_03ko5xt._.js:9557:28)
    at workLoopConcurrentByScheduler (file:///Users/rodrigo/Documents/code/@handleui/opendetail/apps/www/.next/dev/static/chunks/0t6e_next_dist_compiled_react-dom_03ko5xt._.js:9551:58)
    at renderRootConcurrent (file:///Users/rodrigo/Documents/code/@handleui/opendetail/apps/www/.next/dev/static/chunks/0t6e_next_dist_compiled_react-dom_03ko5xt._.js:9534:71)
    at performWorkOnRoot (file:///Users/rodrigo/Documents/code/@handleui/opendetail/apps/www/.next/dev/static/chunks/0t6e_next_dist_compiled_react-dom_03ko5xt._.js:9061:150)
    at performWorkOnRootViaSchedulerTask (file:///Users/rodrigo/Documents/code/@handleui/opendetail/apps/www/.next/dev/static/chunks/0t6e_next_dist_compiled_react-dom_03ko5xt._.js:10255:9)
    at MessagePort.performWorkUntilDeadline (file:///Users/rodrigo/Documents/code/@handleui/opendetail/apps/www/.next/dev/static/chunks/0t6e_next_dist_compiled_0_plurs._.js:2647:64)[39m [2m(file:///Users/rodrigo/Documents/code/@handleui/opendetail/apps/www/.next/dev/static/chunks/0t6e_next_dist_compiled_react-dom_03ko5xt._.js:3439:25)[22m
[32m[1m✓[22m[39m Compiled in 210ms
[32m[1m✓[22m[39m Compiled in 24ms
[32m[1m✓[22m[39m Compiled in 266ms
[32m[1m✓[22m[39m Compiled in 176ms
[32m[1m✓[22m[39m Compiled in 109ms
[32m[1m✓[22m[39m Compiled in 159ms
[32m[1m✓[22m[39m Compiled in 58ms
[32m[1m✓[22m[39m Compiled in 222ms
[32m[1m✓[22m[39m Compiled in 45ms
[32m[1m✓[22m[39m Compiled in 143ms
[32m[1m✓[22m[39m Compiled in 18ms
[32m[1m✓[22m[39m Compiled in 205ms
[32m[1m✓[22m[39m Compiled in 159ms
[32m[1m✓[22m[39m Compiled in 186ms
