[34m[1m[22m[39m
[34m[1mportless[22m[39m
[34m[1m[22m[39m
[90m-- opendetail.localhost (auto-resolves to 127.0.0.1)[39m
[90m-- Proxy is running[39m
[32m-- Using port 4201[39m
[36m[1m[22m[39m
[36m[1m  -> http://opendetail.localhost:1355[22m[39m
[36m[1m[22m[39m
[90mRunning: PORT=4201 HOST=127.0.0.1 PORTLESS_URL=http://opendetail.localhost:1355 next dev[39m
[90m[39m
[1m[38;2;173;127;168m▲ Next.js 16.2.2[39m[22m (Turbopack)
- Local:         http://localhost:4201
- Network:       http://192.168.68.50:4201
[32m[1m✓[22m[39m Ready in 290ms

 GET / [32m200[39m in 454ms[2m (next.js: 336ms, application-code: 118ms)[22m
 GET /demo [32m200[39m in 82ms[2m (next.js: 22ms, application-code: 60ms)[22m
[32m[1m✓[22m[39m Compiled in 266ms
 GET /demo [32m200[39m in 301ms[2m (next.js: 255ms, application-code: 46ms)[22m
 GET /demo [32m200[39m in 71ms[2m (next.js: 1359µs, application-code: 69ms)[22m
 GET /demo [32m200[39m in 28ms[2m (next.js: 3ms, application-code: 26ms)[22m
 GET /demo [34m307[39m in 67ms[2m (next.js: 2ms, application-code: 64ms)[22m
 GET /demo [32m200[39m in 26ms[2m (next.js: 1434µs, application-code: 25ms)[22m
 GET /demo [32m200[39m in 26ms[2m (next.js: 1392µs, application-code: 25ms)[22m
 GET /demo [32m200[39m in 27ms[2m (next.js: 2ms, application-code: 25ms)[22m
 GET /demo [32m200[39m in 25ms[2m (next.js: 1477µs, application-code: 24ms)[22m
 GET /demo [32m200[39m in 12ms[2m (next.js: 1445µs, application-code: 11ms)[22m
 GET /demo [32m200[39m in 10ms[2m (next.js: 1054µs, application-code: 9ms)[22m
 GET /demo [32m200[39m in 14ms[2m (next.js: 959µs, application-code: 13ms)[22m
 GET /demo [32m200[39m in 13ms[2m (next.js: 923µs, application-code: 12ms)[22m
 GET /demo [32m200[39m in 10ms[2m (next.js: 998µs, application-code: 9ms)[22m
 GET /demo [32m200[39m in 11ms[2m (next.js: 1114µs, application-code: 10ms)[22m
 GET /demo [32m200[39m in 10ms[2m (next.js: 1362µs, application-code: 9ms)[22m
 GET /demo [32m200[39m in 23ms[2m (next.js: 1018µs, application-code: 22ms)[22m
 GET /demo [32m200[39m in 13ms[2m (next.js: 1288µs, application-code: 12ms)[22m
 GET /demo [32m200[39m in 10ms[2m (next.js: 1096µs, application-code: 8ms)[22m
 GET /demo [32m200[39m in 10ms[2m (next.js: 959µs, application-code: 9ms)[22m
 GET /demo [32m200[39m in 13ms[2m (next.js: 3ms, application-code: 11ms)[22m
 GET /test [32m200[39m in 434ms[2m (next.js: 388ms, application-code: 47ms)[22m
 GET /test [32m200[39m in 11ms[2m (next.js: 993µs, application-code: 10ms)[22m
 GET /test [32m200[39m in 706ms[2m (next.js: 662ms, application-code: 44ms)[22m
 POST /api/opendetail [32m200[39m in 1298ms[2m (next.js: 1242ms, application-code: 56ms)[22m
[32m[1m✓[22m[39m Compiled in 275ms
[32m[1m✓[22m[39m Compiled in 261ms
 GET /test [32m200[39m in 134ms[2m (next.js: 53ms, application-code: 81ms)[22m
 GET /test [32m200[39m in 14ms[2m (next.js: 1451µs, application-code: 13ms)[22m
[32m[1m✓[22m[39m Compiled in 72ms
[32m[1m✓[22m[39m Compiled in 15ms
[32m[1m✓[22m[39m Compiled in 58ms
 GET /test [32m200[39m in 94ms[2m (next.js: 43ms, application-code: 51ms)[22m
 GET /test [32m200[39m in 18ms[2m (next.js: 1398µs, application-code: 17ms)[22m
 GET /test [32m200[39m in 9ms[2m (next.js: 1170µs, application-code: 8ms)[22m
 GET /test [32m200[39m in 92ms[2m (next.js: 7ms, application-code: 85ms)[22m
